#
# A fatal error has been detected by the Java Runtime Environment:
#
#  Internal Error (0xc000000d), pid=21936, tid=0x0000000000004340
#
# JRE version: OpenJDK Runtime Environment (8.0_275-b01) (build 1.8.0_275-b01)
# Java VM: OpenJDK 64-Bit Server VM (25.275-b01 mixed mode windows-amd64 compressed oops)
# Problematic frame:
# C  [ntdll.dll+0x111b14]
#
# Failed to write core dump. Minidumps are not enabled by default on client versions of Windows
#
# If you would like to submit a bug report, please visit:
#   http://bugreport.java.com/bugreport/crash.jsp
#

---------------  T H R E A D  ---------------

Current thread (0x000001f6bcb92800):  VMThread [stack: 0x000000085a300000,0x000000085a400000] [id=17216]

siginfo: ExceptionCode=0xc000000d

Registers:
RAX=0x0000000000000004, RBX=0x0000000000000000, RCX=0x000000085a3fde00, RDX=0x00007ffc5ab62fba
RSP=0x000000085a3fe260, RBP=0x0000000000000003, RSI=0x0000000000000894, RDI=0x000001f6c01348b0
R8 =0x0000000800000000, R9 =0x000000005a000004, R10=0x00007ffc5ab60004, R11=0x0000000000000000
R12=0x0000000000000894, R13=0x00007ffbea37a320, R14=0x0000000000000000, R15=0x0000000000000894
RIP=0x00007ffc5fe01b14, EFLAGS=0x0000000000000202

Top of Stack: (sp=0x000000085a3fe260)
0x000000085a3fe260:   0000000000000057 0000000000000000
0x000000085a3fe270:   0000000000000894 0000000000000000
0x000000085a3fe280:   00000000c000000d 0000000000000000
0x000000085a3fe290:   00007ffc5fe01b14 0000000000000000
0x000000085a3fe2a0:   0000000000000000 0000000000000000
0x000000085a3fe2b0:   0000000000000000 0000000000000000
0x000000085a3fe2c0:   0000000000000000 0000000000000000
0x000000085a3fe2d0:   0000000000000000 0000000000000000
0x000000085a3fe2e0:   0000000000000000 0000000000000000
0x000000085a3fe2f0:   0000000000000000 0000000000000000
0x000000085a3fe300:   0000000000000000 0000000000000000
0x000000085a3fe310:   0000000000000000 0000000000000000
0x000000085a3fe320:   0000c2e220cc2872 0000000000000005
0x000000085a3fe330:   00007ffbea37b1c8 00007ffc5fda61c1
0x000000085a3fe340:   0000000000000001 00007ffc568d874b
0x000000085a3fe350:   00007ffbea37a320 0000000000000894 

Instructions: (pc=0x00007ffc5fe01b14)
0x00007ffc5fe01af4:   13 f9 ff c7 44 24 20 0d 00 00 c0 b9 57 00 00 00
0x00007ffc5fe01b04:   e8 37 8d f3 ff 90 48 8d 4c 24 20 e8 2c 95 f3 ff
0x00007ffc5fe01b14:   eb 00 48 8b 8c 24 c0 00 00 00 48 33 cc e8 0a 97
0x00007ffc5fe01b24:   f7 ff 48 81 c4 d8 00 00 00 c3 cc 40 55 48 83 ec 


Register to memory mapping:

RAX=0x0000000000000004 is an unknown value
RBX=0x0000000000000000 is an unknown value
RCX=0x000000085a3fde00 is an unknown value
RDX=0x00007ffc5ab62fba is an unknown value
RSP=0x000000085a3fe260 is an unknown value
RBP=0x0000000000000003 is an unknown value
RSI=0x0000000000000894 is an unknown value
RDI=0x000001f6c01348b0 is an unknown value
R8 =0x0000000800000000 is an unknown value
R9 =0x000000005a000004 is an unknown value
R10=0x00007ffc5ab60004 is an unknown value
R11=0x0000000000000000 is an unknown value
R12=0x0000000000000894 is an unknown value
R13=0x00007ffbea37a320 is an unknown value
R14=0x0000000000000000 is an unknown value
R15=0x0000000000000894 is an unknown value


Stack: [0x000000085a300000,0x000000085a400000],  sp=0x000000085a3fe260,  free space=1016k
Native frames: (J=compiled Java code, j=interpreted, Vv=VM code, C=native code)
C  [ntdll.dll+0x111b14]
C  [ntdll.dll+0xb61c1]
C  [ntdll.dll+0x3f875]
C  [RTWorkQ.DLL+0x63d3]
C  [RTWorkQ.DLL+0x6285]
C  [RTWorkQ.DLL+0x613e]
C  [FrameServerClient.dll+0x3d4fc]
C  [FrameServerClient.dll+0x24f12]
C  [FrameServerClient.dll+0x3d9e5]
C  [RTWorkQ.DLL+0x11bc3]
C  [RTWorkQ.DLL+0x7419]
C  [RTWorkQ.DLL+0xbf83]
C  [RTWorkQ.DLL+0xbeba]
C  [FrameServerClient.dll+0x3d5a9]
C  [FrameServerClient.dll+0x3d260]
C  [FrameServerClient.dll+0x21c07]
C  [FrameServerClient.dll+0x1cf54]
C  [FrameServerClient.dll+0x15ee9]
C  [FrameServerClient.dll+0x10783]
C  [FrameServerClient.dll+0xbdce]
C  [FrameServerClient.dll+0x7b62]
C  [MFCORE.dll+0x2d1248]
C  [MFCORE.dll+0x2ccef6]
C  [MFCORE.dll+0x2d0899]
C  [MFReadWrite.dll+0xec05]
C  [MFReadWrite.dll+0x25bef]
C  [ATL.DLL+0x33e1]
C  [mfksproxy.dll+0x13815]
C  [mfksproxy.dll+0x149a4]
C  [ATL.DLL+0x33e1]
C  [mfksproxy.dll+0x2160]
C  [mfksproxy.dll+0x1ee4]
C  [mfksproxy.dll+0x3326b]
C  [opencv_java320.dll+0x120a8d3]
C  [opencv_java320.dll+0x120a199]
C  [opencv_java320.dll+0x158adf0]
C  [opencv_java320.dll+0x14fc7db]
C  [opencv_java320.dll+0x14fca81]
C  [opencv_java320.dll+0x14f8798]
C  [opencv_java320.dll+0x14b7d7f]
C  [opencv_java320.dll+0x14b7986]
C  [opencv_java320.dll+0x14b7a7c]
C  [ntdll.dll+0x37b3d]
C  [ntdll.dll+0x63cc1]
C  [ntdll.dll+0x63b5d]
C  [KERNEL32.DLL+0x1e04b]
C  [ucrtbase.dll+0x1ffdc]
C  [ucrtbase.dll+0x1fe7f]
V  [jvm.dll+0x1e56f5]
V  [jvm.dll+0x220ce6]
V  [jvm.dll+0x221247]
V  [jvm.dll+0x21f7f6]
V  [jvm.dll+0x21ffaf]
V  [jvm.dll+0x22030d]
V  [jvm.dll+0x26924c]
C  [ucrtbase.dll+0x21542]
C  [KERNEL32.DLL+0x16fd4]
C  [ntdll.dll+0x4cec1]

VM_Operation (0x000000085bcfce00): Exit, mode: safepoint, requested by thread 0x000001f6c5459800


---------------  P R O C E S S  ---------------

Java Threads: ( => current thread )
  0x000001f6c5459800 JavaThread "AWT-EventQueue-0" [_thread_blocked, id=16284, stack(0x000000085bc00000,0x000000085bd00000)]
  0x000001f6c003b000 JavaThread "AWT-Shutdown" [_thread_blocked, id=16320, stack(0x000000085b900000,0x000000085ba00000)]
  0x000001f6c00d2000 JavaThread "Java2D Disposer" daemon [_thread_blocked, id=9320, stack(0x000000085b800000,0x000000085b900000)]
  0x000001f6bf1ef000 JavaThread "Service Thread" daemon [_thread_blocked, id=17580, stack(0x000000085ad00000,0x000000085ae00000)]
  0x000001f6bf16e800 JavaThread "C1 CompilerThread3" daemon [_thread_blocked, id=20488, stack(0x000000085ac00000,0x000000085ad00000)]
  0x000001f6bf15a800 JavaThread "C2 CompilerThread2" daemon [_thread_blocked, id=1908, stack(0x000000085ab00000,0x000000085ac00000)]
  0x000001f6bcc0f000 JavaThread "C2 CompilerThread1" daemon [_thread_blocked, id=8744, stack(0x000000085aa00000,0x000000085ab00000)]
  0x000001f6bf0ff800 JavaThread "C2 CompilerThread0" daemon [_thread_blocked, id=20672, stack(0x000000085a900000,0x000000085aa00000)]
  0x000001f6bf0fa800 JavaThread "Monitor Ctrl-Break" daemon [_thread_in_native, id=21276, stack(0x000000085a800000,0x000000085a900000)]
  0x000001f6bcbea800 JavaThread "Attach Listener" daemon [_thread_blocked, id=18840, stack(0x000000085a700000,0x000000085a800000)]
  0x000001f6bcbe9800 JavaThread "Signal Dispatcher" daemon [_thread_blocked, id=17384, stack(0x000000085a600000,0x000000085a700000)]
  0x000001f6bcbc4000 JavaThread "Finalizer" daemon [_thread_blocked, id=17372, stack(0x000000085a500000,0x000000085a600000)]
  0x000001f6bcbbd000 JavaThread "Reference Handler" daemon [_thread_blocked, id=12812, stack(0x000000085a400000,0x000000085a500000)]
  0x000001f6a1dd7000 JavaThread "main" [_thread_blocked, id=21348, stack(0x0000000859800000,0x0000000859900000)]

Other Threads:
=>0x000001f6bcb92800 VMThread [stack: 0x000000085a300000,0x000000085a400000] [id=17216]

VM state:at safepoint (shutting down)

VM Mutex/Monitor currently owned by a thread:  ([mutex/lock_event])
[0x000001f6a1dd3850] Threads_lock - owner thread: 0x000001f6bcb92800

heap address: 0x00000006c1400000, size: 4076 MB, Compressed Oops mode: Zero based, Oop shift amount: 3
Narrow klass base: 0x0000000000000000, Narrow klass shift: 3
Compressed class space size: 1073741824 Address: 0x00000007c0000000

Heap:
 PSYoungGen      total 51200K, used 41873K [0x000000076b180000, 0x000000076f100000, 0x00000007c0000000)
  eden space 47616K, 81% used [0x000000076b180000,0x000000076d7586c8,0x000000076e000000)
  from space 3584K, 87% used [0x000000076e080000,0x000000076e38bec0,0x000000076e400000)
  to   space 8704K, 0% used [0x000000076e880000,0x000000076e880000,0x000000076f100000)
 ParOldGen       total 175104K, used 5196K [0x00000006c1400000, 0x00000006cbf00000, 0x000000076b180000)
  object space 175104K, 2% used [0x00000006c1400000,0x00000006c19133d8,0x00000006cbf00000)
 Metaspace       used 12016K, capacity 12200K, committed 12544K, reserved 1060864K
  class space    used 1344K, capacity 1421K, committed 1536K, reserved 1048576K

Card table byte_map: [0x000001f6b2c20000,0x000001f6b3420000] byte_map_base: 0x000001f6af616000

Marking Bits: (ParMarkBitMap*) 0x00000000641aa790
 Begin Bits: [0x000001f6b3970000, 0x000001f6b7920000)
 End Bits:   [0x000001f6b7920000, 0x000001f6bb8d0000)

Polling page: 0x000001f6a3830000

CodeCache: size=245760Kb used=4772Kb max_used=4778Kb free=240988Kb
 bounds [0x000001f6a3860000, 0x000001f6a3d10000, 0x000001f6b2860000]
 total_blobs=2018 nmethods=1335 adapters=596
 compilation: enabled

Compilation events (10 events):
Event: 66.045 Thread 0x000001f6bf0ff800 1353       4       javax.imageio.stream.ImageInputStreamImpl::reset (69 bytes)
Event: 66.049 Thread 0x000001f6bf0ff800 nmethod 1353 0x000001f6a3d0b650 code [0x000001f6a3d0b7c0, 0x000001f6a3d0c158]
Event: 66.050 Thread 0x000001f6bcc0f000 1354       4       java.util.ArrayList::rangeCheck (22 bytes)
Event: 66.050 Thread 0x000001f6bf16e800 1355       1       java.util.ArrayList::elementData (7 bytes)
Event: 66.050 Thread 0x000001f6bf16e800 nmethod 1355 0x000001f6a3d0b310 code [0x000001f6a3d0b460, 0x000001f6a3d0b598]
Event: 66.051 Thread 0x000001f6bcc0f000 nmethod 1354 0x000001f6a39838d0 code [0x000001f6a3983a00, 0x000001f6a3983a78]
Event: 66.224 Thread 0x000001f6bf16e800 1357  s    3       java.util.Hashtable::containsKey (65 bytes)
Event: 66.224 Thread 0x000001f6bf16e800 nmethod 1357 0x000001f6a3d0a8d0 code [0x000001f6a3d0aa60, 0x000001f6a3d0b0a0]
Event: 66.224 Thread 0x000001f6bf16e800 1356       3       java.util.logging.LogManager$LoggerContext::ensureDefaultLogger (70 bytes)
Event: 66.225 Thread 0x000001f6bf16e800 nmethod 1356 0x000001f6a3d09c50 code [0x000001f6a3d09e00, 0x000001f6a3d0a6b0]

GC Heap History (10 events):
Event: 54.012 GC heap before
{Heap before GC invocations=17 (full 0):
 PSYoungGen      total 59904K, used 54530K [0x000000076b180000, 0x000000076f680000, 0x00000007c0000000)
  eden space 52224K, 98% used [0x000000076b180000,0x000000076e3c5a60,0x000000076e480000)
  from space 7680K, 39% used [0x000000076ef00000,0x000000076f1faeb0,0x000000076f680000)
  to   space 9216K, 0% used [0x000000076e480000,0x000000076e480000,0x000000076ed80000)
 ParOldGen       total 175104K, used 5076K [0x00000006c1400000, 0x00000006cbf00000, 0x000000076b180000)
  object space 175104K, 2% used [0x00000006c1400000,0x00000006c18f53d8,0x00000006cbf00000)
 Metaspace       used 11968K, capacity 12136K, committed 12288K, reserved 1060864K
  class space    used 1342K, capacity 1421K, committed 1536K, reserved 1048576K
Event: 54.014 GC heap after
Heap after GC invocations=17 (full 0):
 PSYoungGen      total 54272K, used 2890K [0x000000076b180000, 0x000000076f580000, 0x00000007c0000000)
  eden space 51200K, 0% used [0x000000076b180000,0x000000076b180000,0x000000076e380000)
  from space 3072K, 94% used [0x000000076e480000,0x000000076e752b08,0x000000076e780000)
  to   space 9216K, 0% used [0x000000076ec80000,0x000000076ec80000,0x000000076f580000)
 ParOldGen       total 175104K, used 5092K [0x00000006c1400000, 0x00000006cbf00000, 0x000000076b180000)
  object space 175104K, 2% used [0x00000006c1400000,0x00000006c18f93d8,0x00000006cbf00000)
 Metaspace       used 11968K, capacity 12136K, committed 12288K, reserved 1060864K
  class space    used 1342K, capacity 1421K, committed 1536K, reserved 1048576K
}
Event: 56.717 GC heap before
{Heap before GC invocations=18 (full 0):
 PSYoungGen      total 54272K, used 54090K [0x000000076b180000, 0x000000076f580000, 0x00000007c0000000)
  eden space 51200K, 100% used [0x000000076b180000,0x000000076e380000,0x000000076e380000)
  from space 3072K, 94% used [0x000000076e480000,0x000000076e752b08,0x000000076e780000)
  to   space 9216K, 0% used [0x000000076ec80000,0x000000076ec80000,0x000000076f580000)
 ParOldGen       total 175104K, used 5092K [0x00000006c1400000, 0x00000006cbf00000, 0x000000076b180000)
  object space 175104K, 2% used [0x00000006c1400000,0x00000006c18f93d8,0x00000006cbf00000)
 Metaspace       used 11968K, capacity 12136K, committed 12288K, reserved 1060864K
  class space    used 1342K, capacity 1421K, committed 1536K, reserved 1048576K
Event: 56.717 GC heap after
Heap after GC invocations=18 (full 0):
 PSYoungGen      total 58368K, used 2954K [0x000000076b180000, 0x000000076f480000, 0x00000007c0000000)
  eden space 50176K, 0% used [0x000000076b180000,0x000000076b180000,0x000000076e280000)
  from space 8192K, 36% used [0x000000076ec80000,0x000000076ef628e0,0x000000076f480000)
  to   space 9216K, 0% used [0x000000076e280000,0x000000076e280000,0x000000076eb80000)
 ParOldGen       total 175104K, used 5116K [0x00000006c1400000, 0x00000006cbf00000, 0x000000076b180000)
  object space 175104K, 2% used [0x00000006c1400000,0x00000006c18ff3d8,0x00000006cbf00000)
 Metaspace       used 11968K, capacity 12136K, committed 12288K, reserved 1060864K
  class space    used 1342K, capacity 1421K, committed 1536K, reserved 1048576K
}
Event: 59.324 GC heap before
{Heap before GC invocations=19 (full 0):
 PSYoungGen      total 58368K, used 52274K [0x000000076b180000, 0x000000076f480000, 0x00000007c0000000)
  eden space 50176K, 98% used [0x000000076b180000,0x000000076e1aa2c8,0x000000076e280000)
  from space 8192K, 36% used [0x000000076ec80000,0x000000076ef628e0,0x000000076f480000)
  to   space 9216K, 0% used [0x000000076e280000,0x000000076e280000,0x000000076eb80000)
 ParOldGen       total 175104K, used 5116K [0x00000006c1400000, 0x00000006cbf00000, 0x000000076b180000)
  object space 175104K, 2% used [0x00000006c1400000,0x00000006c18ff3d8,0x00000006cbf00000)
 Metaspace       used 11968K, capacity 12136K, committed 12288K, reserved 1060864K
  class space    used 1342K, capacity 1421K, committed 1536K, reserved 1048576K
Event: 59.326 GC heap after
Heap after GC invocations=19 (full 0):
 PSYoungGen      total 52224K, used 2986K [0x000000076b180000, 0x000000076f280000, 0x00000007c0000000)
  eden space 49152K, 0% used [0x000000076b180000,0x000000076b180000,0x000000076e180000)
  from space 3072K, 97% used [0x000000076e280000,0x000000076e56a870,0x000000076e580000)
  to   space 8704K, 0% used [0x000000076ea00000,0x000000076ea00000,0x000000076f280000)
 ParOldGen       total 175104K, used 5148K [0x00000006c1400000, 0x00000006cbf00000, 0x000000076b180000)
  object space 175104K, 2% used [0x00000006c1400000,0x00000006c19073d8,0x00000006cbf00000)
 Metaspace       used 11968K, capacity 12136K, committed 12288K, reserved 1060864K
  class space    used 1342K, capacity 1421K, committed 1536K, reserved 1048576K
}
Event: 61.845 GC heap before
{Heap before GC invocations=20 (full 0):
 PSYoungGen      total 52224K, used 52138K [0x000000076b180000, 0x000000076f280000, 0x00000007c0000000)
  eden space 49152K, 100% used [0x000000076b180000,0x000000076e180000,0x000000076e180000)
  from space 3072K, 97% used [0x000000076e280000,0x000000076e56a870,0x000000076e580000)
  to   space 8704K, 0% used [0x000000076ea00000,0x000000076ea00000,0x000000076f280000)
 ParOldGen       total 175104K, used 5148K [0x00000006c1400000, 0x00000006cbf00000, 0x000000076b180000)
  object space 175104K, 2% used [0x00000006c1400000,0x00000006c19073d8,0x00000006cbf00000)
 Metaspace       used 11971K, capacity 12136K, committed 12288K, reserved 1060864K
  class space    used 1342K, capacity 1421K, committed 1536K, reserved 1048576K
Event: 61.846 GC heap after
Heap after GC invocations=20 (full 0):
 PSYoungGen      total 56832K, used 5686K [0x000000076b180000, 0x000000076f280000, 0x00000007c0000000)
  eden space 48128K, 0% used [0x000000076b180000,0x000000076b180000,0x000000076e080000)
  from space 8704K, 65% used [0x000000076ea00000,0x000000076ef8db30,0x000000076f280000)
  to   space 9216K, 0% used [0x000000076e080000,0x000000076e080000,0x000000076e980000)
 ParOldGen       total 175104K, used 5164K [0x00000006c1400000, 0x00000006cbf00000, 0x000000076b180000)
  object space 175104K, 2% used [0x00000006c1400000,0x00000006c190b3d8,0x00000006cbf00000)
 Metaspace       used 11971K, capacity 12136K, committed 12288K, reserved 1060864K
  class space    used 1342K, capacity 1421K, committed 1536K, reserved 1048576K
}
Event: 64.431 GC heap before
{Heap before GC invocations=21 (full 0):
 PSYoungGen      total 56832K, used 53805K [0x000000076b180000, 0x000000076f280000, 0x00000007c0000000)
  eden space 48128K, 99% used [0x000000076b180000,0x000000076e07db30,0x000000076e080000)
  from space 8704K, 65% used [0x000000076ea00000,0x000000076ef8db30,0x000000076f280000)
  to   space 9216K, 0% used [0x000000076e080000,0x000000076e080000,0x000000076e980000)
 ParOldGen       total 175104K, used 5164K [0x00000006c1400000, 0x00000006cbf00000, 0x000000076b180000)
  object space 175104K, 2% used [0x00000006c1400000,0x00000006c190b3d8,0x00000006cbf00000)
 Metaspace       used 11989K, capacity 12200K, committed 12544K, reserved 1060864K
  class space    used 1342K, capacity 1421K, committed 1536K, reserved 1048576K
Event: 64.432 GC heap after
Heap after GC invocations=21 (full 0):
 PSYoungGen      total 51200K, used 3119K [0x000000076b180000, 0x000000076f100000, 0x00000007c0000000)
  eden space 47616K, 0% used [0x000000076b180000,0x000000076b180000,0x000000076e000000)
  from space 3584K, 87% used [0x000000076e080000,0x000000076e38bec0,0x000000076e400000)
  to   space 8704K, 0% used [0x000000076e880000,0x000000076e880000,0x000000076f100000)
 ParOldGen       total 175104K, used 5196K [0x00000006c1400000, 0x00000006cbf00000, 0x000000076b180000)
  object space 175104K, 2% used [0x00000006c1400000,0x00000006c19133d8,0x00000006cbf00000)
 Metaspace       used 11989K, capacity 12200K, committed 12544K, reserved 1060864K
  class space    used 1342K, capacity 1421K, committed 1536K, reserved 1048576K
}

Deoptimization events (2 events):
Event: 0.476 Thread 0x000001f6a1dd7000 Uncommon trap: reason=null_check action=make_not_entrant pc=0x000001f6a396728c method=java.lang.String.equals(Ljava/lang/Object;)Z @ 8
Event: 5.872 Thread 0x000001f6c5459800 Uncommon trap: reason=unstable_if action=reinterpret pc=0x000001f6a39f8438 method=java.lang.ThreadLocal.get()Ljava/lang/Object; @ 11

Classes redefined (0 events):
No events

Internal exceptions (10 events):
Event: 0.474 Thread 0x000001f6a1dd7000 Exception <a 'sun/nio/fs/WindowsException'> (0x000000076b871aa0) thrown at [C:\ws\workspace\jdk-8u275\label\windows-x86_64\type\b8\build\hotspot\src\share\vm\prims\jni.cpp, line 711]
Event: 0.474 Thread 0x000001f6a1dd7000 Exception <a 'sun/nio/fs/WindowsException'> (0x000000076b872050) thrown at [C:\ws\workspace\jdk-8u275\label\windows-x86_64\type\b8\build\hotspot\src\share\vm\prims\jni.cpp, line 711]
Event: 0.474 Thread 0x000001f6a1dd7000 Exception <a 'sun/nio/fs/WindowsException'> (0x000000076b872790) thrown at [C:\ws\workspace\jdk-8u275\label\windows-x86_64\type\b8\build\hotspot\src\share\vm\prims\jni.cpp, line 711]
Event: 0.476 Thread 0x000001f6a1dd7000 Implicit null exception at 0x000001f6a3967095 to 0x000001f6a396727d
Event: 1.692 Thread 0x000001f6a1dd7000 Exception <a 'java/io/FileNotFoundException'> (0x000000076b8c0258) thrown at [C:\ws\workspace\jdk-8u275\label\windows-x86_64\type\b8\build\hotspot\src\share\vm\prims\jni.cpp, line 711]
Event: 1.716 Thread 0x000001f6a1dd7000 Exception <a 'java/lang/NoSuchFieldError': method resolution failed> (0x000000076bb366c8) thrown at [C:\ws\workspace\jdk-8u275\label\windows-x86_64\type\b8\build\hotspot\src\share\vm\prims\methodHandles.cpp, line 1169]
Event: 1.717 Thread 0x000001f6a1dd7000 Exception <a 'java/lang/NoSuchFieldError': method resolution failed> (0x000000076bb442b8) thrown at [C:\ws\workspace\jdk-8u275\label\windows-x86_64\type\b8\build\hotspot\src\share\vm\prims\methodHandles.cpp, line 1169]
Event: 1.740 Thread 0x000001f6a1dd7000 Exception <a 'java/lang/ClassNotFoundException': sun/dc/DuctusRenderingEngine> (0x000000076bc89ad0) thrown at [C:\ws\workspace\jdk-8u275\label\windows-x86_64\type\b8\build\hotspot\src\share\vm\classfile\systemDictionary.cpp, line 217]
Event: 1.745 Thread 0x000001f6a1dd7000 Exception <a 'java/io/FileNotFoundException'> (0x000000076bcc2508) thrown at [C:\ws\workspace\jdk-8u275\label\windows-x86_64\type\b8\build\hotspot\src\share\vm\prims\jni.cpp, line 711]
Event: 5.872 Thread 0x000001f6c5459800 Implicit null exception at 0x000001f6a39f8348 to 0x000001f6a39f8425

Events (10 events):
Event: 66.231 Thread 0x000001f6c58ca800 Thread added: 0x000001f6c58ca800
Event: 66.231 Thread 0x000001f6bf23d000 Thread exited: 0x000001f6bf23d000
Event: 66.231 Thread 0x000001f6c564a000 Thread exited: 0x000001f6c564a000
Event: 66.231 Thread 0x000001f6c9fc1000 Thread exited: 0x000001f6c9fc1000
Event: 66.232 Thread 0x000001f6bfeea800 Thread exited: 0x000001f6bfeea800
Event: 66.232 loading class sun/java2d/pipe/hw/AccelDeviceEventNotifier
Event: 66.232 loading class sun/java2d/pipe/hw/AccelDeviceEventNotifier done
Event: 66.264 Thread 0x000001f6c0031000 Thread exited: 0x000001f6c0031000
Event: 66.333 Thread 0x000001f6c58ca800 Thread exited: 0x000001f6c58ca800
Event: 66.333 Executing VM operation: Exit


Dynamic libraries:
0x00007ff725520000 - 0x00007ff725565000 	C:\Users\Lam\.jdks\liberica-1.8.0_275\bin\java.exe
0x00007ffc5fcf0000 - 0x00007ffc5fee5000 	C:\WINDOWS\SYSTEM32\ntdll.dll
0x00007ffc511c0000 - 0x00007ffc511d2000 	C:\Program Files\Avast Software\Avast\aswhook.dll
0x00007ffc5e9a0000 - 0x00007ffc5ea5d000 	C:\WINDOWS\System32\KERNEL32.DLL
0x00007ffc5d440000 - 0x00007ffc5d707000 	C:\WINDOWS\System32\KERNELBASE.dll
0x00007ffc5e880000 - 0x00007ffc5e92a000 	C:\WINDOWS\System32\ADVAPI32.dll
0x00007ffc5e500000 - 0x00007ffc5e59e000 	C:\WINDOWS\System32\msvcrt.dll
0x00007ffc5e5a0000 - 0x00007ffc5e63b000 	C:\WINDOWS\System32\sechost.dll
0x00007ffc5fb20000 - 0x00007ffc5fc43000 	C:\WINDOWS\System32\RPCRT4.dll
0x00007ffc5e150000 - 0x00007ffc5e2f0000 	C:\WINDOWS\System32\USER32.dll
0x00007ffc5d770000 - 0x00007ffc5d792000 	C:\WINDOWS\System32\win32u.dll
0x00007ffc5dd80000 - 0x00007ffc5ddaa000 	C:\WINDOWS\System32\GDI32.dll
0x00007ffc5dc50000 - 0x00007ffc5dd5a000 	C:\WINDOWS\System32\gdi32full.dll
0x00007ffc5d9b0000 - 0x00007ffc5da4d000 	C:\WINDOWS\System32\msvcp_win.dll
0x00007ffc5db50000 - 0x00007ffc5dc50000 	C:\WINDOWS\System32\ucrtbase.dll
0x00007ffc45cc0000 - 0x00007ffc45f5a000 	C:\WINDOWS\WinSxS\amd64_microsoft.windows.common-controls_6595b64144ccf1df_6.0.19041.1_none_b555e41d4684ddec\COMCTL32.dll
0x00007ffc5e850000 - 0x00007ffc5e880000 	C:\WINDOWS\System32\IMM32.DLL
0x00007ffc359b0000 - 0x00007ffc359c5000 	C:\Users\Lam\.jdks\liberica-1.8.0_275\jre\bin\vcruntime140.dll
0x00007ffc35910000 - 0x00007ffc359ab000 	C:\Users\Lam\.jdks\liberica-1.8.0_275\jre\bin\msvcp140.dll
0x00000000639d0000 - 0x0000000064223000 	C:\Users\Lam\.jdks\liberica-1.8.0_275\jre\bin\server\jvm.dll
0x00007ffc5f610000 - 0x00007ffc5f618000 	C:\WINDOWS\System32\PSAPI.DLL
0x00007ffc4dd60000 - 0x00007ffc4dd69000 	C:\WINDOWS\SYSTEM32\WSOCK32.dll
0x00007ffc5e930000 - 0x00007ffc5e99b000 	C:\WINDOWS\System32\WS2_32.dll
0x00007ffc506f0000 - 0x00007ffc50717000 	C:\WINDOWS\SYSTEM32\WINMM.dll
0x00007ffc56320000 - 0x00007ffc5632a000 	C:\WINDOWS\SYSTEM32\VERSION.dll
0x00007ffc5bd50000 - 0x00007ffc5bd63000 	C:\WINDOWS\SYSTEM32\kernel.appcore.dll
0x00007ffc35900000 - 0x00007ffc35910000 	C:\Users\Lam\.jdks\liberica-1.8.0_275\jre\bin\verify.dll
0x00007ffbede00000 - 0x00007ffbede2b000 	C:\Users\Lam\.jdks\liberica-1.8.0_275\jre\bin\java.dll
0x00007ffc4ffe0000 - 0x00007ffc50012000 	C:\Users\Lam\.jdks\liberica-1.8.0_275\jre\bin\instrument.dll
0x00007ffbedde0000 - 0x00007ffbeddf8000 	C:\Users\Lam\.jdks\liberica-1.8.0_275\jre\bin\zip.dll
0x00007ffc5ea60000 - 0x00007ffc5f1a0000 	C:\WINDOWS\System32\SHELL32.dll
0x00007ffc5b5a0000 - 0x00007ffc5bd31000 	C:\WINDOWS\SYSTEM32\windows.storage.dll
0x00007ffc5f200000 - 0x00007ffc5f553000 	C:\WINDOWS\System32\combase.dll
0x00007ffc5cec0000 - 0x00007ffc5ceec000 	C:\WINDOWS\SYSTEM32\Wldp.dll
0x00007ffc5f560000 - 0x00007ffc5f60e000 	C:\WINDOWS\System32\SHCORE.dll
0x00007ffc5fc50000 - 0x00007ffc5fca5000 	C:\WINDOWS\System32\shlwapi.dll
0x00007ffc5d380000 - 0x00007ffc5d39f000 	C:\WINDOWS\SYSTEM32\profapi.dll
0x00007ffc4ffc0000 - 0x00007ffc4ffda000 	C:\Users\Lam\AppData\Local\JetBrains\Toolbox\apps\IDEA-U\ch-0\202.6397.94\bin\breakgen64.dll
0x00007ffbeddc0000 - 0x00007ffbedddc000 	C:\Users\Lam\.jdks\liberica-1.8.0_275\jre\bin\net.dll
0x00007ffc5cc40000 - 0x00007ffc5ccaa000 	C:\WINDOWS\system32\mswsock.dll
0x00007ffc5ce10000 - 0x00007ffc5ce28000 	C:\WINDOWS\SYSTEM32\CRYPTSP.dll
0x00007ffc5c560000 - 0x00007ffc5c594000 	C:\WINDOWS\system32\rsaenh.dll
0x00007ffc5dad0000 - 0x00007ffc5daf7000 	C:\WINDOWS\System32\bcrypt.dll
0x00007ffc5d340000 - 0x00007ffc5d36e000 	C:\WINDOWS\SYSTEM32\USERENV.dll
0x00007ffc5da50000 - 0x00007ffc5dacf000 	C:\WINDOWS\System32\bcryptprimitives.dll
0x00007ffc5ce30000 - 0x00007ffc5ce3c000 	C:\WINDOWS\SYSTEM32\CRYPTBASE.dll
0x00007ffc5c8e0000 - 0x00007ffc5c91b000 	C:\WINDOWS\SYSTEM32\IPHLPAPI.DLL
0x00007ffc5dee0000 - 0x00007ffc5dee9000 	C:\WINDOWS\System32\NSI.dll
0x00007ffc55200000 - 0x00007ffc55217000 	C:\WINDOWS\SYSTEM32\dhcpcsvc6.DLL
0x00007ffc551e0000 - 0x00007ffc551fd000 	C:\WINDOWS\SYSTEM32\dhcpcsvc.DLL
0x00007ffc5c920000 - 0x00007ffc5c9ea000 	C:\WINDOWS\SYSTEM32\DNSAPI.dll
0x00007ffbedda0000 - 0x00007ffbeddb3000 	C:\Users\Lam\.jdks\liberica-1.8.0_275\jre\bin\nio.dll
0x00007ffbe55d0000 - 0x00007ffbe74c7000 	C:\Users\Lam\AppData\Local\Temp\opencv_openpnp5306286784202822530\nu\pattern\opencv\windows\x86_64\opencv_java320.dll
0x00007ffc5ddb0000 - 0x00007ffc5ded9000 	C:\WINDOWS\System32\ole32.dll
0x00007ffc5e720000 - 0x00007ffc5e7ed000 	C:\WINDOWS\System32\OLEAUT32.dll
0x00007ffbee610000 - 0x00007ffbee63b000 	C:\WINDOWS\SYSTEM32\MSVFW32.dll
0x00007ffbee5e0000 - 0x00007ffbee601000 	C:\WINDOWS\SYSTEM32\AVIFIL32.dll
0x00007ffc4e750000 - 0x00007ffc4e769000 	C:\WINDOWS\SYSTEM32\AVICAP32.dll
0x00007ffc0b2c0000 - 0x00007ffc0b2de000 	C:\WINDOWS\SYSTEM32\MSACM32.dll
0x00007ffc437f0000 - 0x00007ffc43816000 	C:\WINDOWS\SYSTEM32\winmmbase.dll
0x00007ffc5ab60000 - 0x00007ffc5abff000 	C:\WINDOWS\system32\uxtheme.dll
0x00007ffc5df80000 - 0x00007ffc5e028000 	C:\WINDOWS\System32\clbcatq.dll
0x00007ffc2a310000 - 0x00007ffc2a32d000 	C:\Windows\System32\devenum.dll
0x00007ffc5db00000 - 0x00007ffc5db4d000 	C:\WINDOWS\System32\CFGMGR32.dll
0x00007ffc5f6b0000 - 0x00007ffc5fb17000 	C:\WINDOWS\System32\setupapi.dll
0x00007ffc5c1b0000 - 0x00007ffc5c1e3000 	C:\WINDOWS\SYSTEM32\ntmarta.dll
0x00007ffc5d200000 - 0x00007ffc5d22c000 	C:\WINDOWS\SYSTEM32\DEVOBJ.dll
0x00007ffc5d710000 - 0x00007ffc5d770000 	C:\WINDOWS\System32\WINTRUST.dll
0x00007ffc5d7a0000 - 0x00007ffc5d8fd000 	C:\WINDOWS\System32\CRYPT32.dll
0x00007ffc5d040000 - 0x00007ffc5d052000 	C:\WINDOWS\SYSTEM32\MSASN1.dll
0x00007ffc4e740000 - 0x00007ffc4e74b000 	C:\WINDOWS\SYSTEM32\msdmo.dll
0x00007ffbee5a0000 - 0x00007ffbee5d6000 	C:\Windows\System32\qcap.dll
0x00007ffbee3d0000 - 0x00007ffbee59f000 	C:\Windows\System32\quartz.dll
0x00007ffc5e030000 - 0x00007ffc5e145000 	C:\WINDOWS\System32\MSCTF.dll
0x00007ffbee380000 - 0x00007ffbee3cd000 	C:\Windows\System32\mfksproxy.dll
0x00007ffc556d0000 - 0x00007ffc556ed000 	C:\Windows\System32\ATL.DLL
0x00007ffc56980000 - 0x00007ffc56b3b000 	C:\Windows\System32\MFPlat.DLL
0x00007ffc568d0000 - 0x00007ffc56900000 	C:\Windows\System32\RTWorkQ.DLL
0x00007ffbed1e0000 - 0x00007ffbed66b000 	C:\Windows\System32\MFCORE.dll
0x00007ffc5ca00000 - 0x00007ffc5ca4b000 	C:\WINDOWS\SYSTEM32\powrprof.dll
0x00007ffc57570000 - 0x00007ffc57579000 	C:\Windows\System32\ksuser.dll
0x00007ffc5c8c0000 - 0x00007ffc5c8d2000 	C:\WINDOWS\SYSTEM32\UMPDC.dll
0x00007ffbea320000 - 0x00007ffbea38b000 	C:\Windows\System32\FrameServerClient.dll
0x00007ffbea2b0000 - 0x00007ffbea317000 	C:\Windows\System32\MFSENSORGROUP.dll
0x00007ffc574d0000 - 0x00007ffc574da000 	C:\Windows\System32\AVRT.dll
0x00007ffc1ead0000 - 0x00007ffc1eadd000 	C:\Windows\System32\vidcap.ax
0x00007ffbe9ef0000 - 0x00007ffbe9f17000 	C:\Windows\System32\kswdmcap.ax
0x00007ffbe9d80000 - 0x00007ffbe9eec000 	C:\Windows\System32\MFC42.dll
0x00007ffc4e9f0000 - 0x00007ffc4eafa000 	C:\Windows\System32\MFReadWrite.dll
0x00007ffbee2d0000 - 0x00007ffbee378000 	C:\Windows\System32\qedit.dll
0x00007ffc5e640000 - 0x00007ffc5e71a000 	C:\WINDOWS\System32\COMDLG32.dll
0x00007ffc45f60000 - 0x00007ffc46105000 	C:\WINDOWS\WinSxS\amd64_microsoft.windows.gdiplus_6595b64144ccf1df_1.1.19041.450_none_fae7a009761b0b44\gdiplus.dll
0x00007ffc2f7c0000 - 0x00007ffc2f8bb000 	C:\Windows\System32\DDRAW.dll
0x00007ffc5bdc0000 - 0x00007ffc5beb3000 	C:\Windows\System32\dxgi.dll
0x00007ffc55680000 - 0x00007ffc55688000 	C:\Windows\System32\DCIMAN32.dll
0x00007ffc55160000 - 0x00007ffc55191000 	C:\WINDOWS\SYSTEM32\cryptnet.dll
0x00007ffc5dd60000 - 0x00007ffc5dd7d000 	C:\WINDOWS\System32\imagehlp.dll
0x00007ffc1a380000 - 0x00007ffc1a62e000 	C:\WINDOWS\system32\nvspcap64.dll
0x00007ffc5bd70000 - 0x00007ffc5bd93000 	C:\WINDOWS\SYSTEM32\gpapi.dll
0x00007ffc51990000 - 0x00007ffc519cb000 	C:\WINDOWS\SYSTEM32\dxcore.dll
0x00007ffbeb070000 - 0x00007ffbeb204000 	C:\Users\Lam\.jdks\liberica-1.8.0_275\jre\bin\awt.dll
0x00007ffc5aab0000 - 0x00007ffc5ab40000 	C:\WINDOWS\SYSTEM32\apphelp.dll
0x00007ffc5ad30000 - 0x00007ffc5ad5f000 	C:\WINDOWS\system32\DWMAPI.DLL
0x00007ffbff910000 - 0x00007ffbffa6c000 	C:\WINDOWS\system32\opengl32.dll
0x00007ffc4a9b0000 - 0x00007ffc4a9dc000 	C:\WINDOWS\SYSTEM32\GLU32.dll
0x00007ffbeb4c0000 - 0x00007ffbeb541000 	C:\Users\Lam\.jdks\liberica-1.8.0_275\jre\bin\freetype.dll
0x00007ffbee280000 - 0x00007ffbee2cb000 	C:\Users\Lam\.jdks\liberica-1.8.0_275\jre\bin\fontmanager.dll
0x00007ffc34e80000 - 0x00007ffc34f7c000 	C:\WINDOWS\SYSTEM32\textinputframework.dll
0x00007ffc5a1a0000 - 0x00007ffc5a4fa000 	C:\WINDOWS\System32\CoreUIComponents.dll
0x00007ffc5a880000 - 0x00007ffc5a972000 	C:\WINDOWS\System32\CoreMessaging.dll
0x00007ffc591c0000 - 0x00007ffc59316000 	C:\WINDOWS\SYSTEM32\wintypes.dll
0x00007ffbed7f0000 - 0x00007ffbed81d000 	C:\Users\Lam\.jdks\liberica-1.8.0_275\jre\bin\jpeg.dll
0x00007ffc5b2c0000 - 0x00007ffc5b4a4000 	C:\WINDOWS\SYSTEM32\dbghelp.dll

VM Arguments:
jvm_args: -javaagent:C:\Users\Lam\AppData\Local\JetBrains\Toolbox\apps\IDEA-U\ch-0\202.6397.94\lib\idea_rt.jar=63707:C:\Users\Lam\AppData\Local\JetBrains\Toolbox\apps\IDEA-U\ch-0\202.6397.94\bin -Dfile.encoding=UTF-8 
java_command: main
java_class_path (initial): C:\Users\Lam\.jdks\liberica-1.8.0_275\jre\lib\charsets.jar;C:\Users\Lam\.jdks\liberica-1.8.0_275\jre\lib\ext\access-bridge-64.jar;C:\Users\Lam\.jdks\liberica-1.8.0_275\jre\lib\ext\cldrdata.jar;C:\Users\Lam\.jdks\liberica-1.8.0_275\jre\lib\ext\dnsns.jar;C:\Users\Lam\.jdks\liberica-1.8.0_275\jre\lib\ext\jaccess.jar;C:\Users\Lam\.jdks\liberica-1.8.0_275\jre\lib\ext\jfxrt.jar;C:\Users\Lam\.jdks\liberica-1.8.0_275\jre\lib\ext\localedata.jar;C:\Users\Lam\.jdks\liberica-1.8.0_275\jre\lib\ext\nashorn.jar;C:\Users\Lam\.jdks\liberica-1.8.0_275\jre\lib\ext\sunec.jar;C:\Users\Lam\.jdks\liberica-1.8.0_275\jre\lib\ext\sunjce_provider.jar;C:\Users\Lam\.jdks\liberica-1.8.0_275\jre\lib\ext\sunmscapi.jar;C:\Users\Lam\.jdks\liberica-1.8.0_275\jre\lib\ext\sunpkcs11.jar;C:\Users\Lam\.jdks\liberica-1.8.0_275\jre\lib\ext\zipfs.jar;C:\Users\Lam\.jdks\liberica-1.8.0_275\jre\lib\jce.jar;C:\Users\Lam\.jdks\liberica-1.8.0_275\jre\lib\jfr.jar;C:\Users\Lam\.jdks\liberica-1.8.0_275\jre\lib\jfxswt.jar;C:\Users\Lam\.jdks\liberica-1.8.0_275\jre\lib\jsse.jar;C:\Users\Lam\.jdks\liberica-1.8.0_275\jre\lib\management-agent.jar;C:\Users\Lam\.jdks\liberica-1.8.0_275\jre\lib\resources.jar;C:\Users\Lam\.jdks\liberica-1.8.0_275\jre\lib\rt.jar;C:\Users\Lam\IdeaProjects\MERGEIMAGE\target\classes;C:\Users\Lam\.m2\repository\org\openpnp\opencv\3.2.0-1\opencv-3.2.0-1.jar;C:\Users\Lam\AppData\Local\JetBrains\Toolbox\apps\IDEA-U\ch-0\202.6397.94\lib\idea_rt.jar
Launcher Type: SUN_STANDARD

Environment Variables:
PATH=C:\Windows\system32;C:\Windows;C:\Windows\System32\Wbem;C:\Windows\System32\WindowsPowerShell\v1.0\;C:\Windows\System32\OpenSSH\;C:\Program Files (x86)\NVIDIA Corporation\PhysX\Common;C:\Program Files\Git\cmd;C:\Program Files\NVIDIA Corporation\NVIDIA NvDLISR;C:\WINDOWS\system32;C:\WINDOWS;C:\WINDOWS\System32\Wbem;C:\WINDOWS\System32\WindowsPowerShell\v1.0\;C:\WINDOWS\System32\OpenSSH\;C:\Program Files\MySQL\MySQL Shell 8.0\bin\;C:\Users\Lam\AppData\Local\Microsoft\WindowsApps;C:\Program Files (x86)\GitHub CLI\
USERNAME=Lam
OS=Windows_NT
PROCESSOR_IDENTIFIER=Intel64 Family 6 Model 158 Stepping 10, GenuineIntel



---------------  S Y S T E M  ---------------

OS: Windows 10.0 , 64 bit Build 19041 (10.0.19041.292)

CPU:total 12 (initial active 12) (6 cores per cpu, 2 threads per core) family 6 model 158 stepping 10, cmov, cx8, fxsr, mmx, sse, sse2, sse3, ssse3, sse4.1, sse4.2, popcnt, avx, avx2, aes, clmul, erms, 3dnowpref, lzcnt, ht, tsc, tscinvbit, bmi1, bmi2, adx

Memory: 4k page, physical 16694516k(3306156k free), swap 28607808k(3946352k free)

vm_info: OpenJDK 64-Bit Server VM (25.275-b01) for windows-amd64 JRE (1.8.0_275-b01), built on Nov  5 2020 03:55:52 by "hudson" with MS VC++ 15.9 (VS2017)

time: Sat Jan 16 17:00:32 2021
timezone: SE Asia Standard Time
elapsed time: 70.653487 seconds (0d 0h 1m 10s)

