#
# A fatal error has been detected by the Java Runtime Environment:
#
#  Internal Error (0xc000000d), pid=15272, tid=0x00000000000057dc
#
# JRE version: OpenJDK Runtime Environment (8.0_275-b01) (build 1.8.0_275-b01)
# Java VM: OpenJDK 64-Bit Server VM (25.275-b01 mixed mode windows-amd64 compressed oops)
# Problematic frame:
# C  [ntdll.dll+0x111b14]
#
# Failed to write core dump. Minidumps are not enabled by default on client versions of Windows
#
# If you would like to submit a bug report, please visit:
#   http://bugreport.java.com/bugreport/crash.jsp
#

---------------  T H R E A D  ---------------

Current thread (0x000001e3dc0bb000):  VMThread [stack: 0x00000024a3a00000,0x00000024a3b00000] [id=22492]

siginfo: ExceptionCode=0xc000000d

Registers:
RAX=0x0000000000000004, RBX=0x0000000000000000, RCX=0x00000024a3afda70, RDX=0x00007ffc5ab62fba
RSP=0x00000024a3afded0, RBP=0x0000000000000003, RSI=0x0000000000000888, RDI=0x000001e3df676910
R8 =0x0000002400000000, R9 =0x00000000a3000004, R10=0x00007ffc5ab60004, R11=0x0000000000000000
R12=0x0000000000000888, R13=0x00007ffbea37a320, R14=0x0000000000000000, R15=0x0000000000000888
RIP=0x00007ffc5fe01b14, EFLAGS=0x0000000000000202

Top of Stack: (sp=0x00000024a3afded0)
0x00000024a3afded0:   0000000000000057 0000000000000000
0x00000024a3afdee0:   0000000000000888 0000000000000000
0x00000024a3afdef0:   00000000c000000d 0000000000000000
0x00000024a3afdf00:   00007ffc5fe01b14 0000000000000000
0x00000024a3afdf10:   0000000000000000 0000000000000000
0x00000024a3afdf20:   0000000000000000 0000000000000000
0x00000024a3afdf30:   0000000000000000 0000000000000000
0x00000024a3afdf40:   0000000000000000 0000000000000000
0x00000024a3afdf50:   0000000000000000 0000000000000000
0x00000024a3afdf60:   0000000000000000 0000000000000000
0x00000024a3afdf70:   0000000000000000 0000000000000000
0x00000024a3afdf80:   0000000000000000 0000000000000000
0x00000024a3afdf90:   00002bb63bca6c50 0000000000000007
0x00000024a3afdfa0:   00007ffbea37b1c8 00007ffc5fda61c1
0x00000024a3afdfb0:   0000000000000001 00007ffc568d874b
0x00000024a3afdfc0:   00007ffbea37a320 0000000000000888 

Instructions: (pc=0x00007ffc5fe01b14)
0x00007ffc5fe01af4:   13 f9 ff c7 44 24 20 0d 00 00 c0 b9 57 00 00 00
0x00007ffc5fe01b04:   e8 37 8d f3 ff 90 48 8d 4c 24 20 e8 2c 95 f3 ff
0x00007ffc5fe01b14:   eb 00 48 8b 8c 24 c0 00 00 00 48 33 cc e8 0a 97
0x00007ffc5fe01b24:   f7 ff 48 81 c4 d8 00 00 00 c3 cc 40 55 48 83 ec 


Register to memory mapping:

RAX=0x0000000000000004 is an unknown value
RBX=0x0000000000000000 is an unknown value
RCX=0x00000024a3afda70 is an unknown value
RDX=0x00007ffc5ab62fba is an unknown value
RSP=0x00000024a3afded0 is an unknown value
RBP=0x0000000000000003 is an unknown value
RSI=0x0000000000000888 is an unknown value
RDI=0x000001e3df676910 is an unknown value
R8 =0x0000002400000000 is an unknown value
R9 =0x00000000a3000004 is an unknown value
R10=0x00007ffc5ab60004 is an unknown value
R11=0x0000000000000000 is an unknown value
R12=0x0000000000000888 is an unknown value
R13=0x00007ffbea37a320 is an unknown value
R14=0x0000000000000000 is an unknown value
R15=0x0000000000000888 is an unknown value


Stack: [0x00000024a3a00000,0x00000024a3b00000],  sp=0x00000024a3afded0,  free space=1015k
Native frames: (J=compiled Java code, j=interpreted, Vv=VM code, C=native code)
C  [ntdll.dll+0x111b14]
C  [ntdll.dll+0xb61c1]
C  [ntdll.dll+0x3f875]
C  [RTWorkQ.DLL+0x63d3]
C  [RTWorkQ.DLL+0x6285]
C  [RTWorkQ.DLL+0x613e]
C  [FrameServerClient.dll+0x3d4fc]
C  [FrameServerClient.dll+0x24f12]
C  [FrameServerClient.dll+0x3d9e5]
C  [RTWorkQ.DLL+0x11bc3]
C  [RTWorkQ.DLL+0x7419]
C  [RTWorkQ.DLL+0xbf83]
C  [RTWorkQ.DLL+0xbeba]
C  [FrameServerClient.dll+0x3d5a9]
C  [FrameServerClient.dll+0x3d260]
C  [FrameServerClient.dll+0x21c07]
C  [FrameServerClient.dll+0x1cf54]
C  [FrameServerClient.dll+0x15ee9]
C  [FrameServerClient.dll+0x10783]
C  [FrameServerClient.dll+0xbdce]
C  [FrameServerClient.dll+0x7b62]
C  [MFCORE.dll+0x2d1248]
C  [MFCORE.dll+0x2ccef6]
C  [MFCORE.dll+0x2d0899]
C  [MFReadWrite.dll+0xec05]
C  [MFReadWrite.dll+0x25bef]
C  [ATL.DLL+0x33e1]
C  [mfksproxy.dll+0x13815]
C  [mfksproxy.dll+0x149a4]
C  [ATL.DLL+0x33e1]
C  [mfksproxy.dll+0x2160]
C  [mfksproxy.dll+0x1ee4]
C  [mfksproxy.dll+0x3326b]
C  [opencv_java320.dll+0x120a8d3]
C  [opencv_java320.dll+0x120a199]
C  [opencv_java320.dll+0x158adf0]
C  [opencv_java320.dll+0x14fc7db]
C  [opencv_java320.dll+0x14fca81]
C  [opencv_java320.dll+0x14f8798]
C  [opencv_java320.dll+0x14b7d7f]
C  [opencv_java320.dll+0x14b7986]
C  [opencv_java320.dll+0x14b7a7c]
C  [ntdll.dll+0x37b3d]
C  [ntdll.dll+0x63cc1]
C  [ntdll.dll+0x63b5d]
C  [KERNEL32.DLL+0x1e04b]
C  [ucrtbase.dll+0x1ffdc]
C  [ucrtbase.dll+0x1fe7f]
V  [jvm.dll+0x1e56f5]
V  [jvm.dll+0x220ce6]
V  [jvm.dll+0x221247]
V  [jvm.dll+0x21f7f6]
V  [jvm.dll+0x21ffaf]
V  [jvm.dll+0x22030d]
V  [jvm.dll+0x26924c]
C  [ucrtbase.dll+0x21542]
C  [KERNEL32.DLL+0x16fd4]
C  [ntdll.dll+0x4cec1]

VM_Operation (0x00000024a53fcb80): Exit, mode: safepoint, requested by thread 0x000001e3e48db800


---------------  P R O C E S S  ---------------

Java Threads: ( => current thread )
  0x000001e3c12f7000 JavaThread "DestroyJavaVM" [_thread_blocked, id=5992, stack(0x00000024a2f00000,0x00000024a3000000)]
  0x000001e3e48db800 JavaThread "AWT-EventQueue-0" [_thread_blocked, id=16784, stack(0x00000024a5300000,0x00000024a5400000)]
  0x000001e3df684800 JavaThread "AWT-Shutdown" [_thread_blocked, id=20728, stack(0x00000024a5000000,0x00000024a5100000)]
  0x000001e3df684000 JavaThread "Java2D Disposer" daemon [_thread_blocked, id=13056, stack(0x00000024a4f00000,0x00000024a5000000)]
  0x000001e3de6eb800 JavaThread "Service Thread" daemon [_thread_blocked, id=9120, stack(0x00000024a4400000,0x00000024a4500000)]
  0x000001e3de68d800 JavaThread "C1 CompilerThread3" daemon [_thread_blocked, id=12980, stack(0x00000024a4300000,0x00000024a4400000)]
  0x000001e3de67a000 JavaThread "C2 CompilerThread2" daemon [_thread_blocked, id=2244, stack(0x00000024a4200000,0x00000024a4300000)]
  0x000001e3dc13e000 JavaThread "C2 CompilerThread1" daemon [_thread_blocked, id=9780, stack(0x00000024a4100000,0x00000024a4200000)]
  0x000001e3dc13b000 JavaThread "C2 CompilerThread0" daemon [_thread_blocked, id=21304, stack(0x00000024a4000000,0x00000024a4100000)]
  0x000001e3de61b000 JavaThread "Monitor Ctrl-Break" daemon [_thread_in_native, id=21240, stack(0x00000024a3f00000,0x00000024a4000000)]
  0x000001e3dc118800 JavaThread "Attach Listener" daemon [_thread_blocked, id=12052, stack(0x00000024a3e00000,0x00000024a3f00000)]
  0x000001e3dc115800 JavaThread "Signal Dispatcher" daemon [_thread_blocked, id=19772, stack(0x00000024a3d00000,0x00000024a3e00000)]
  0x000001e3dc0f0800 JavaThread "Finalizer" daemon [_thread_blocked, id=22516, stack(0x00000024a3c00000,0x00000024a3d00000)]
  0x000001e3dc0e9000 JavaThread "Reference Handler" daemon [_thread_blocked, id=22112, stack(0x00000024a3b00000,0x00000024a3c00000)]

Other Threads:
=>0x000001e3dc0bb000 VMThread [stack: 0x00000024a3a00000,0x00000024a3b00000] [id=22492]

VM state:at safepoint (shutting down)

VM Mutex/Monitor currently owned by a thread:  ([mutex/lock_event])
[0x000001e3c12f3ed0] Threads_lock - owner thread: 0x000001e3dc0bb000

heap address: 0x00000006c1400000, size: 4076 MB, Compressed Oops mode: Zero based, Oop shift amount: 3
Narrow klass base: 0x0000000000000000, Narrow klass shift: 3
Compressed class space size: 1073741824 Address: 0x00000007c0000000

Heap:
 PSYoungGen      total 204800K, used 182703K [0x000000076b180000, 0x000000077a500000, 0x00000007c0000000)
  eden space 199168K, 89% used [0x000000076b180000,0x000000077607de20,0x0000000777400000)
  from space 5632K, 62% used [0x0000000777400000,0x000000077776deb0,0x0000000777980000)
  to   space 5632K, 0% used [0x0000000779f80000,0x0000000779f80000,0x000000077a500000)
 ParOldGen       total 327168K, used 179417K [0x00000006c1400000, 0x00000006d5380000, 0x000000076b180000)
  object space 327168K, 54% used [0x00000006c1400000,0x00000006cc336798,0x00000006d5380000)
 Metaspace       used 11701K, capacity 11880K, committed 12032K, reserved 1060864K
  class space    used 1345K, capacity 1421K, committed 1536K, reserved 1048576K

Card table byte_map: [0x000001e3d21a0000,0x000001e3d29a0000] byte_map_base: 0x000001e3ceb96000

Marking Bits: (ParMarkBitMap*) 0x00000000641aa790
 Begin Bits: [0x000001e3d2ef0000, 0x000001e3d6ea0000)
 End Bits:   [0x000001e3d6ea0000, 0x000001e3dae50000)

Polling page: 0x000001e3c1550000

CodeCache: size=245760Kb used=3531Kb max_used=3531Kb free=242228Kb
 bounds [0x000001e3c2de0000, 0x000001e3c3160000, 0x000001e3d1de0000]
 total_blobs=1628 nmethods=943 adapters=598
 compilation: enabled

Compilation events (10 events):
Event: 11.069 Thread 0x000001e3de68d800  939       3       java.util.ArrayList::grow (45 bytes)
Event: 11.069 Thread 0x000001e3de68d800 nmethod 939 0x000001e3c3153690 code [0x000001e3c3153820, 0x000001e3c3153d20]
Event: 11.137 Thread 0x000001e3de68d800  940       3       javax.swing.RepaintManager::currentManager (37 bytes)
Event: 11.138 Thread 0x000001e3de68d800 nmethod 940 0x000001e3c3152f50 code [0x000001e3c31530e0, 0x000001e3c3153570]
Event: 11.352 Thread 0x000001e3de68d800  941       3       java.util.Hashtable$Enumerator::hasMoreElements (53 bytes)
Event: 11.352 Thread 0x000001e3de68d800 nmethod 941 0x000001e3c31529d0 code [0x000001e3c3152b40, 0x000001e3c3152e38]
Event: 11.352 Thread 0x000001e3de68d800  943       3       java.util.Hashtable$Enumerator::nextElement (111 bytes)
Event: 11.352 Thread 0x000001e3de68d800 nmethod 943 0x000001e3c3153f10 code [0x000001e3c31540a0, 0x000001e3c31544f0]
Event: 11.352 Thread 0x000001e3de68d800  942       3       java.util.logging.LogManager$LoggerContext::ensureDefaultLogger (70 bytes)
Event: 11.352 Thread 0x000001e3de68d800 nmethod 942 0x000001e3c31546d0 code [0x000001e3c3154880, 0x000001e3c3155130]

GC Heap History (10 events):
Event: 5.574 GC heap before
{Heap before GC invocations=8 (full 2):
 PSYoungGen      total 116736K, used 109527K [0x000000076b180000, 0x0000000774680000, 0x00000007c0000000)
  eden space 105984K, 100% used [0x000000076b180000,0x0000000771900000,0x0000000771900000)
  from space 10752K, 32% used [0x0000000771900000,0x0000000771c75eb0,0x0000000772380000)
  to   space 6144K, 0% used [0x0000000774080000,0x0000000774080000,0x0000000774680000)
 ParOldGen       total 296960K, used 144261K [0x00000006c1400000, 0x00000006d3600000, 0x000000076b180000)
  object space 296960K, 48% used [0x00000006c1400000,0x00000006ca0e17f0,0x00000006d3600000)
 Metaspace       used 11511K, capacity 11688K, committed 12032K, reserved 1060864K
  class space    used 1341K, capacity 1421K, committed 1536K, reserved 1048576K
Event: 5.584 GC heap after
Heap after GC invocations=8 (full 2):
 PSYoungGen      total 146432K, used 3543K [0x000000076b180000, 0x0000000775400000, 0x00000007c0000000)
  eden space 140288K, 0% used [0x000000076b180000,0x000000076b180000,0x0000000773a80000)
  from space 6144K, 57% used [0x0000000774080000,0x00000007743f5eb0,0x0000000774680000)
  to   space 6144K, 0% used [0x0000000773a80000,0x0000000773a80000,0x0000000774080000)
 ParOldGen       total 296960K, used 214582K [0x00000006c1400000, 0x00000006d3600000, 0x000000076b180000)
  object space 296960K, 72% used [0x00000006c1400000,0x00000006ce58da50,0x00000006d3600000)
 Metaspace       used 11511K, capacity 11688K, committed 12032K, reserved 1060864K
  class space    used 1341K, capacity 1421K, committed 1536K, reserved 1048576K
}
Event: 5.584 GC heap before
{Heap before GC invocations=9 (full 3):
 PSYoungGen      total 146432K, used 3543K [0x000000076b180000, 0x0000000775400000, 0x00000007c0000000)
  eden space 140288K, 0% used [0x000000076b180000,0x000000076b180000,0x0000000773a80000)
  from space 6144K, 57% used [0x0000000774080000,0x00000007743f5eb0,0x0000000774680000)
  to   space 6144K, 0% used [0x0000000773a80000,0x0000000773a80000,0x0000000774080000)
 ParOldGen       total 296960K, used 214582K [0x00000006c1400000, 0x00000006d3600000, 0x000000076b180000)
  object space 296960K, 72% used [0x00000006c1400000,0x00000006ce58da50,0x00000006d3600000)
 Metaspace       used 11511K, capacity 11688K, committed 12032K, reserved 1060864K
  class space    used 1341K, capacity 1421K, committed 1536K, reserved 1048576K
Event: 5.607 GC heap after
Heap after GC invocations=9 (full 3):
 PSYoungGen      total 146432K, used 0K [0x000000076b180000, 0x0000000775400000, 0x00000007c0000000)
  eden space 140288K, 0% used [0x000000076b180000,0x000000076b180000,0x0000000773a80000)
  from space 6144K, 0% used [0x0000000774080000,0x0000000774080000,0x0000000774680000)
  to   space 6144K, 0% used [0x0000000773a80000,0x0000000773a80000,0x0000000774080000)
 ParOldGen       total 327168K, used 38776K [0x00000006c1400000, 0x00000006d5380000, 0x000000076b180000)
  object space 327168K, 11% used [0x00000006c1400000,0x00000006c39de2d8,0x00000006d5380000)
 Metaspace       used 11511K, capacity 11688K, committed 12032K, reserved 1060864K
  class space    used 1341K, capacity 1421K, committed 1536K, reserved 1048576K
}
Event: 6.945 GC heap before
{Heap before GC invocations=10 (full 3):
 PSYoungGen      total 146432K, used 131174K [0x000000076b180000, 0x0000000775400000, 0x00000007c0000000)
  eden space 140288K, 93% used [0x000000076b180000,0x0000000773199838,0x0000000773a80000)
  from space 6144K, 0% used [0x0000000774080000,0x0000000774080000,0x0000000774680000)
  to   space 6144K, 0% used [0x0000000773a80000,0x0000000773a80000,0x0000000774080000)
 ParOldGen       total 327168K, used 38776K [0x00000006c1400000, 0x00000006d5380000, 0x000000076b180000)
  object space 327168K, 11% used [0x00000006c1400000,0x00000006c39de2d8,0x00000006d5380000)
 Metaspace       used 11663K, capacity 11880K, committed 12032K, reserved 1060864K
  class space    used 1341K, capacity 1421K, committed 1536K, reserved 1048576K
Event: 6.949 GC heap after
Heap after GC invocations=10 (full 3):
 PSYoungGen      total 146432K, used 3511K [0x000000076b180000, 0x0000000778180000, 0x00000007c0000000)
  eden space 140288K, 0% used [0x000000076b180000,0x000000076b180000,0x0000000773a80000)
  from space 6144K, 57% used [0x0000000773a80000,0x0000000773dedeb0,0x0000000774080000)
  to   space 6144K, 0% used [0x0000000777b80000,0x0000000777b80000,0x0000000778180000)
 ParOldGen       total 327168K, used 73941K [0x00000006c1400000, 0x00000006d5380000, 0x000000076b180000)
  object space 327168K, 22% used [0x00000006c1400000,0x00000006c5c35408,0x00000006d5380000)
 Metaspace       used 11663K, capacity 11880K, committed 12032K, reserved 1060864K
  class space    used 1341K, capacity 1421K, committed 1536K, reserved 1048576K
}
Event: 8.146 GC heap before
{Heap before GC invocations=11 (full 3):
 PSYoungGen      total 146432K, used 143799K [0x000000076b180000, 0x0000000778180000, 0x00000007c0000000)
  eden space 140288K, 100% used [0x000000076b180000,0x0000000773a80000,0x0000000773a80000)
  from space 6144K, 57% used [0x0000000773a80000,0x0000000773dedeb0,0x0000000774080000)
  to   space 6144K, 0% used [0x0000000777b80000,0x0000000777b80000,0x0000000778180000)
 ParOldGen       total 327168K, used 73941K [0x00000006c1400000, 0x00000006d5380000, 0x000000076b180000)
  object space 327168K, 22% used [0x00000006c1400000,0x00000006c5c35408,0x00000006d5380000)
 Metaspace       used 11668K, capacity 11880K, committed 12032K, reserved 1060864K
  class space    used 1341K, capacity 1421K, committed 1536K, reserved 1048576K
Event: 8.153 GC heap after
Heap after GC invocations=11 (full 3):
 PSYoungGen      total 200192K, used 3575K [0x000000076b180000, 0x0000000777f00000, 0x00000007c0000000)
  eden space 196608K, 0% used [0x000000076b180000,0x000000076b180000,0x0000000777180000)
  from space 3584K, 99% used [0x0000000777b80000,0x0000000777efdeb0,0x0000000777f00000)
  to   space 5632K, 0% used [0x0000000777400000,0x0000000777400000,0x0000000777980000)
 ParOldGen       total 327168K, used 144261K [0x00000006c1400000, 0x00000006d5380000, 0x000000076b180000)
  object space 327168K, 44% used [0x00000006c1400000,0x00000006ca0e1668,0x00000006d5380000)
 Metaspace       used 11668K, capacity 11880K, committed 12032K, reserved 1060864K
  class space    used 1341K, capacity 1421K, committed 1536K, reserved 1048576K
}
Event: 9.961 GC heap before
{Heap before GC invocations=12 (full 3):
 PSYoungGen      total 200192K, used 191840K [0x000000076b180000, 0x0000000777f00000, 0x00000007c0000000)
  eden space 196608K, 95% used [0x000000076b180000,0x000000077695a518,0x0000000777180000)
  from space 3584K, 99% used [0x0000000777b80000,0x0000000777efdeb0,0x0000000777f00000)
  to   space 5632K, 0% used [0x0000000777400000,0x0000000777400000,0x0000000777980000)
 ParOldGen       total 327168K, used 144261K [0x00000006c1400000, 0x00000006d5380000, 0x000000076b180000)
  object space 327168K, 44% used [0x00000006c1400000,0x00000006ca0e1668,0x00000006d5380000)
 Metaspace       used 11677K, capacity 11880K, committed 12032K, reserved 1060864K
  class space    used 1341K, capacity 1421K, committed 1536K, reserved 1048576K
Event: 9.964 GC heap after
Heap after GC invocations=12 (full 3):
 PSYoungGen      total 204800K, used 3511K [0x000000076b180000, 0x000000077a500000, 0x00000007c0000000)
  eden space 199168K, 0% used [0x000000076b180000,0x000000076b180000,0x0000000777400000)
  from space 5632K, 62% used [0x0000000777400000,0x000000077776deb0,0x0000000777980000)
  to   space 5632K, 0% used [0x0000000779f80000,0x0000000779f80000,0x000000077a500000)
 ParOldGen       total 327168K, used 179417K [0x00000006c1400000, 0x00000006d5380000, 0x000000076b180000)
  object space 327168K, 54% used [0x00000006c1400000,0x00000006cc336798,0x00000006d5380000)
 Metaspace       used 11677K, capacity 11880K, committed 12032K, reserved 1060864K
  class space    used 1341K, capacity 1421K, committed 1536K, reserved 1048576K
}

Deoptimization events (6 events):
Event: 0.449 Thread 0x000001e3c12f7000 Uncommon trap: reason=null_check action=make_not_entrant pc=0x000001e3c2ef208c method=java.lang.String.equals(Ljava/lang/Object;)Z @ 8
Event: 5.024 Thread 0x000001e3e48db800 Uncommon trap: reason=unstable_if action=reinterpret pc=0x000001e3c2f73038 method=java.lang.ThreadLocal.get()Ljava/lang/Object; @ 11
Event: 11.349 Thread 0x000001e3e48db800 Uncommon trap: reason=unstable_if action=reinterpret pc=0x000001e3c3148150 method=java.awt.EventQueue.coalesceEvent(Ljava/awt/AWTEvent;I)Z @ 72
Event: 11.353 Thread 0x000001e3c12f7000 Uncommon trap: reason=unstable_if action=reinterpret pc=0x000001e3c3065fc0 method=javax.imageio.stream.ImageInputStreamImpl.checkClosed()V @ 4
Event: 11.353 Thread 0x000001e3c12f7000 Uncommon trap: reason=unstable_if action=reinterpret pc=0x000001e3c3129c90 method=javax.imageio.stream.ImageInputStreamImpl.checkClosed()V @ 4
Event: 11.357 Thread 0x000001e3c12f7000 Uncommon trap: reason=unstable_if action=reinterpret pc=0x000001e3c312dedc method=java.security.AccessControlContext.optimize()Ljava/security/AccessControlContext; @ 49

Classes redefined (0 events):
No events

Internal exceptions (10 events):
Event: 0.446 Thread 0x000001e3c12f7000 Exception <a 'sun/nio/fs/WindowsException'> (0x000000076b8734d8) thrown at [C:\ws\workspace\jdk-8u275\label\windows-x86_64\type\b8\build\hotspot\src\share\vm\prims\jni.cpp, line 711]
Event: 0.446 Thread 0x000001e3c12f7000 Exception <a 'sun/nio/fs/WindowsException'> (0x000000076b873c18) thrown at [C:\ws\workspace\jdk-8u275\label\windows-x86_64\type\b8\build\hotspot\src\share\vm\prims\jni.cpp, line 711]
Event: 0.449 Thread 0x000001e3c12f7000 Implicit null exception at 0x000001e3c2ef1e95 to 0x000001e3c2ef207d
Event: 1.316 Thread 0x000001e3c12f7000 Exception <a 'java/io/FileNotFoundException'> (0x000000076b8c1b80) thrown at [C:\ws\workspace\jdk-8u275\label\windows-x86_64\type\b8\build\hotspot\src\share\vm\prims\jni.cpp, line 711]
Event: 1.337 Thread 0x000001e3c12f7000 Exception <a 'java/lang/NoSuchFieldError': method resolution failed> (0x000000076bb37ff8) thrown at [C:\ws\workspace\jdk-8u275\label\windows-x86_64\type\b8\build\hotspot\src\share\vm\prims\methodHandles.cpp, line 1169]
Event: 1.338 Thread 0x000001e3c12f7000 Exception <a 'java/lang/NoSuchFieldError': method resolution failed> (0x000000076bb45be8) thrown at [C:\ws\workspace\jdk-8u275\label\windows-x86_64\type\b8\build\hotspot\src\share\vm\prims\methodHandles.cpp, line 1169]
Event: 1.360 Thread 0x000001e3c12f7000 Exception <a 'java/lang/ClassNotFoundException': sun/dc/DuctusRenderingEngine> (0x000000076bc8cf18) thrown at [C:\ws\workspace\jdk-8u275\label\windows-x86_64\type\b8\build\hotspot\src\share\vm\classfile\systemDictionary.cpp, line 217]
Event: 1.366 Thread 0x000001e3c12f7000 Exception <a 'java/io/FileNotFoundException'> (0x000000076bcc5950) thrown at [C:\ws\workspace\jdk-8u275\label\windows-x86_64\type\b8\build\hotspot\src\share\vm\prims\jni.cpp, line 711]
Event: 5.024 Thread 0x000001e3e48db800 Implicit null exception at 0x000001e3c2f72f48 to 0x000001e3c2f73025
Event: 11.357 Thread 0x000001e3c12f7000 Implicit null exception at 0x000001e3c312dca0 to 0x000001e3c312dec9

Events (10 events):
Event: 11.357 Thread 0x000001e3c12f7000 Thread added: 0x000001e3c12f7000
Event: 11.357 Thread 0x000001e3c12f7000 Uncommon trap: trap_request=0xffffff65 fr.pc=0x000001e3c312dedc
Event: 11.357 Thread 0x000001e3c12f7000 DEOPT PACKING pc=0x000001e3c312dedc sp=0x00000024a2fff190
Event: 11.357 Thread 0x000001e3c12f7000 DEOPT UNPACKING pc=0x000001e3c2e25583 sp=0x00000024a2fff0f8 mode 2
Event: 11.357 loading class sun/java2d/pipe/hw/AccelDeviceEventNotifier
Event: 11.357 loading class sun/java2d/pipe/hw/AccelDeviceEventNotifier done
Event: 11.358 Thread 0x000001e3de7f3000 Thread exited: 0x000001e3de7f3000
Event: 11.396 Thread 0x000001e3de984800 Thread exited: 0x000001e3de984800
Event: 11.457 Thread 0x000001e3de7ef800 Thread exited: 0x000001e3de7ef800
Event: 11.457 Executing VM operation: Exit


Dynamic libraries:
0x00007ff725520000 - 0x00007ff725565000 	C:\Users\Lam\.jdks\liberica-1.8.0_275\bin\java.exe
0x00007ffc5fcf0000 - 0x00007ffc5fee5000 	C:\WINDOWS\SYSTEM32\ntdll.dll
0x00007ffc511c0000 - 0x00007ffc511d2000 	C:\Program Files\Avast Software\Avast\aswhook.dll
0x00007ffc5e9a0000 - 0x00007ffc5ea5d000 	C:\WINDOWS\System32\KERNEL32.DLL
0x00007ffc5d440000 - 0x00007ffc5d707000 	C:\WINDOWS\System32\KERNELBASE.dll
0x00007ffc5e880000 - 0x00007ffc5e92a000 	C:\WINDOWS\System32\ADVAPI32.dll
0x00007ffc5e500000 - 0x00007ffc5e59e000 	C:\WINDOWS\System32\msvcrt.dll
0x00007ffc5e5a0000 - 0x00007ffc5e63b000 	C:\WINDOWS\System32\sechost.dll
0x00007ffc5fb20000 - 0x00007ffc5fc43000 	C:\WINDOWS\System32\RPCRT4.dll
0x00007ffc5e150000 - 0x00007ffc5e2f0000 	C:\WINDOWS\System32\USER32.dll
0x00007ffc5d770000 - 0x00007ffc5d792000 	C:\WINDOWS\System32\win32u.dll
0x00007ffc5dd80000 - 0x00007ffc5ddaa000 	C:\WINDOWS\System32\GDI32.dll
0x00007ffc5dc50000 - 0x00007ffc5dd5a000 	C:\WINDOWS\System32\gdi32full.dll
0x00007ffc5d9b0000 - 0x00007ffc5da4d000 	C:\WINDOWS\System32\msvcp_win.dll
0x00007ffc5db50000 - 0x00007ffc5dc50000 	C:\WINDOWS\System32\ucrtbase.dll
0x00007ffc45cc0000 - 0x00007ffc45f5a000 	C:\WINDOWS\WinSxS\amd64_microsoft.windows.common-controls_6595b64144ccf1df_6.0.19041.1_none_b555e41d4684ddec\COMCTL32.dll
0x00007ffc5e850000 - 0x00007ffc5e880000 	C:\WINDOWS\System32\IMM32.DLL
0x00007ffc359b0000 - 0x00007ffc359c5000 	C:\Users\Lam\.jdks\liberica-1.8.0_275\jre\bin\vcruntime140.dll
0x00007ffc35910000 - 0x00007ffc359ab000 	C:\Users\Lam\.jdks\liberica-1.8.0_275\jre\bin\msvcp140.dll
0x00000000639d0000 - 0x0000000064223000 	C:\Users\Lam\.jdks\liberica-1.8.0_275\jre\bin\server\jvm.dll
0x00007ffc5f610000 - 0x00007ffc5f618000 	C:\WINDOWS\System32\PSAPI.DLL
0x00007ffc4dd60000 - 0x00007ffc4dd69000 	C:\WINDOWS\SYSTEM32\WSOCK32.dll
0x00007ffc5e930000 - 0x00007ffc5e99b000 	C:\WINDOWS\System32\WS2_32.dll
0x00007ffc506f0000 - 0x00007ffc50717000 	C:\WINDOWS\SYSTEM32\WINMM.dll
0x00007ffc56320000 - 0x00007ffc5632a000 	C:\WINDOWS\SYSTEM32\VERSION.dll
0x00007ffc5bd50000 - 0x00007ffc5bd63000 	C:\WINDOWS\SYSTEM32\kernel.appcore.dll
0x00007ffc35900000 - 0x00007ffc35910000 	C:\Users\Lam\.jdks\liberica-1.8.0_275\jre\bin\verify.dll
0x00007ffbede00000 - 0x00007ffbede2b000 	C:\Users\Lam\.jdks\liberica-1.8.0_275\jre\bin\java.dll
0x00007ffc4ffc0000 - 0x00007ffc4fff2000 	C:\Users\Lam\.jdks\liberica-1.8.0_275\jre\bin\instrument.dll
0x00007ffbedde0000 - 0x00007ffbeddf8000 	C:\Users\Lam\.jdks\liberica-1.8.0_275\jre\bin\zip.dll
0x00007ffc5ea60000 - 0x00007ffc5f1a0000 	C:\WINDOWS\System32\SHELL32.dll
0x00007ffc5b5a0000 - 0x00007ffc5bd31000 	C:\WINDOWS\SYSTEM32\windows.storage.dll
0x00007ffc5f200000 - 0x00007ffc5f553000 	C:\WINDOWS\System32\combase.dll
0x00007ffc5cec0000 - 0x00007ffc5ceec000 	C:\WINDOWS\SYSTEM32\Wldp.dll
0x00007ffc5f560000 - 0x00007ffc5f60e000 	C:\WINDOWS\System32\SHCORE.dll
0x00007ffc5fc50000 - 0x00007ffc5fca5000 	C:\WINDOWS\System32\shlwapi.dll
0x00007ffc5d380000 - 0x00007ffc5d39f000 	C:\WINDOWS\SYSTEM32\profapi.dll
0x00007ffc4e750000 - 0x00007ffc4e76a000 	C:\Users\Lam\AppData\Local\JetBrains\Toolbox\apps\IDEA-U\ch-0\202.6397.94\bin\breakgen64.dll
0x00007ffbeddc0000 - 0x00007ffbedddc000 	C:\Users\Lam\.jdks\liberica-1.8.0_275\jre\bin\net.dll
0x00007ffc5cc40000 - 0x00007ffc5ccaa000 	C:\WINDOWS\system32\mswsock.dll
0x00007ffc5ce10000 - 0x00007ffc5ce28000 	C:\WINDOWS\SYSTEM32\CRYPTSP.dll
0x00007ffc5c560000 - 0x00007ffc5c594000 	C:\WINDOWS\system32\rsaenh.dll
0x00007ffc5dad0000 - 0x00007ffc5daf7000 	C:\WINDOWS\System32\bcrypt.dll
0x00007ffc5d340000 - 0x00007ffc5d36e000 	C:\WINDOWS\SYSTEM32\USERENV.dll
0x00007ffc5da50000 - 0x00007ffc5dacf000 	C:\WINDOWS\System32\bcryptprimitives.dll
0x00007ffc5ce30000 - 0x00007ffc5ce3c000 	C:\WINDOWS\SYSTEM32\CRYPTBASE.dll
0x00007ffc5c8e0000 - 0x00007ffc5c91b000 	C:\WINDOWS\SYSTEM32\IPHLPAPI.DLL
0x00007ffc5dee0000 - 0x00007ffc5dee9000 	C:\WINDOWS\System32\NSI.dll
0x00007ffc55200000 - 0x00007ffc55217000 	C:\WINDOWS\SYSTEM32\dhcpcsvc6.DLL
0x00007ffc551e0000 - 0x00007ffc551fd000 	C:\WINDOWS\SYSTEM32\dhcpcsvc.DLL
0x00007ffc5c920000 - 0x00007ffc5c9ea000 	C:\WINDOWS\SYSTEM32\DNSAPI.dll
0x00007ffbedda0000 - 0x00007ffbeddb3000 	C:\Users\Lam\.jdks\liberica-1.8.0_275\jre\bin\nio.dll
0x00007ffbe55d0000 - 0x00007ffbe74c7000 	C:\Users\Lam\AppData\Local\Temp\opencv_openpnp7522351861470420777\nu\pattern\opencv\windows\x86_64\opencv_java320.dll
0x00007ffc5ddb0000 - 0x00007ffc5ded9000 	C:\WINDOWS\System32\ole32.dll
0x00007ffc5e720000 - 0x00007ffc5e7ed000 	C:\WINDOWS\System32\OLEAUT32.dll
0x00007ffbfe6f0000 - 0x00007ffbfe71b000 	C:\WINDOWS\SYSTEM32\MSVFW32.dll
0x00007ffbfe6c0000 - 0x00007ffbfe6e1000 	C:\WINDOWS\SYSTEM32\AVIFIL32.dll
0x00007ffc2a310000 - 0x00007ffc2a329000 	C:\WINDOWS\SYSTEM32\AVICAP32.dll
0x00007ffc0b2c0000 - 0x00007ffc0b2de000 	C:\WINDOWS\SYSTEM32\MSACM32.dll
0x00007ffc437f0000 - 0x00007ffc43816000 	C:\WINDOWS\SYSTEM32\winmmbase.dll
0x00007ffc5ab60000 - 0x00007ffc5abff000 	C:\WINDOWS\system32\uxtheme.dll
0x00007ffc5df80000 - 0x00007ffc5e028000 	C:\WINDOWS\System32\clbcatq.dll
0x00007ffc21920000 - 0x00007ffc2193d000 	C:\Windows\System32\devenum.dll
0x00007ffc5db00000 - 0x00007ffc5db4d000 	C:\WINDOWS\System32\CFGMGR32.dll
0x00007ffc5f6b0000 - 0x00007ffc5fb17000 	C:\WINDOWS\System32\setupapi.dll
0x00007ffc5c1b0000 - 0x00007ffc5c1e3000 	C:\WINDOWS\SYSTEM32\ntmarta.dll
0x00007ffc5d200000 - 0x00007ffc5d22c000 	C:\WINDOWS\SYSTEM32\DEVOBJ.dll
0x00007ffc5d710000 - 0x00007ffc5d770000 	C:\WINDOWS\System32\WINTRUST.dll
0x00007ffc5d7a0000 - 0x00007ffc5d8fd000 	C:\WINDOWS\System32\CRYPT32.dll
0x00007ffc5d040000 - 0x00007ffc5d052000 	C:\WINDOWS\SYSTEM32\MSASN1.dll
0x00007ffc4e740000 - 0x00007ffc4e74b000 	C:\WINDOWS\SYSTEM32\msdmo.dll
0x00007ffbee600000 - 0x00007ffbee636000 	C:\Windows\System32\qcap.dll
0x00007ffbee430000 - 0x00007ffbee5ff000 	C:\Windows\System32\quartz.dll
0x00007ffc5e030000 - 0x00007ffc5e145000 	C:\WINDOWS\System32\MSCTF.dll
0x00007ffbee3e0000 - 0x00007ffbee42d000 	C:\Windows\System32\mfksproxy.dll
0x00007ffc556d0000 - 0x00007ffc556ed000 	C:\Windows\System32\ATL.DLL
0x00007ffc56980000 - 0x00007ffc56b3b000 	C:\Windows\System32\MFPlat.DLL
0x00007ffc568d0000 - 0x00007ffc56900000 	C:\Windows\System32\RTWorkQ.DLL
0x00007ffbed1e0000 - 0x00007ffbed66b000 	C:\Windows\System32\MFCORE.dll
0x00007ffc5ca00000 - 0x00007ffc5ca4b000 	C:\WINDOWS\SYSTEM32\powrprof.dll
0x00007ffc57570000 - 0x00007ffc57579000 	C:\Windows\System32\ksuser.dll
0x00007ffc5c8c0000 - 0x00007ffc5c8d2000 	C:\WINDOWS\SYSTEM32\UMPDC.dll
0x00007ffbea320000 - 0x00007ffbea38b000 	C:\Windows\System32\FrameServerClient.dll
0x00007ffbea2b0000 - 0x00007ffbea317000 	C:\Windows\System32\MFSENSORGROUP.dll
0x00007ffc574d0000 - 0x00007ffc574da000 	C:\Windows\System32\AVRT.dll
0x00007ffc1ead0000 - 0x00007ffc1eadd000 	C:\Windows\System32\vidcap.ax
0x00007ffbe9ef0000 - 0x00007ffbe9f17000 	C:\Windows\System32\kswdmcap.ax
0x00007ffbe9d80000 - 0x00007ffbe9eec000 	C:\Windows\System32\MFC42.dll
0x00007ffc4e9f0000 - 0x00007ffc4eafa000 	C:\Windows\System32\MFReadWrite.dll
0x00007ffbee330000 - 0x00007ffbee3d8000 	C:\Windows\System32\qedit.dll
0x00007ffc5e640000 - 0x00007ffc5e71a000 	C:\WINDOWS\System32\COMDLG32.dll
0x00007ffc45f60000 - 0x00007ffc46105000 	C:\WINDOWS\WinSxS\amd64_microsoft.windows.gdiplus_6595b64144ccf1df_1.1.19041.450_none_fae7a009761b0b44\gdiplus.dll
0x00007ffc2f7c0000 - 0x00007ffc2f8bb000 	C:\Windows\System32\DDRAW.dll
0x00007ffc5bdc0000 - 0x00007ffc5beb3000 	C:\Windows\System32\dxgi.dll
0x00007ffc55680000 - 0x00007ffc55688000 	C:\Windows\System32\DCIMAN32.dll
0x00007ffc55160000 - 0x00007ffc55191000 	C:\WINDOWS\SYSTEM32\cryptnet.dll
0x00007ffc5dd60000 - 0x00007ffc5dd7d000 	C:\WINDOWS\System32\imagehlp.dll
0x00007ffc1a380000 - 0x00007ffc1a62e000 	C:\WINDOWS\system32\nvspcap64.dll
0x00007ffc5bd70000 - 0x00007ffc5bd93000 	C:\WINDOWS\SYSTEM32\gpapi.dll
0x00007ffc51990000 - 0x00007ffc519cb000 	C:\WINDOWS\SYSTEM32\dxcore.dll
0x00007ffbeb070000 - 0x00007ffbeb204000 	C:\Users\Lam\.jdks\liberica-1.8.0_275\jre\bin\awt.dll
0x00007ffc5aab0000 - 0x00007ffc5ab40000 	C:\WINDOWS\SYSTEM32\apphelp.dll
0x00007ffc5ad30000 - 0x00007ffc5ad5f000 	C:\WINDOWS\system32\DWMAPI.DLL
0x00007ffbff910000 - 0x00007ffbffa6c000 	C:\WINDOWS\system32\opengl32.dll
0x00007ffc4a9b0000 - 0x00007ffc4a9dc000 	C:\WINDOWS\SYSTEM32\GLU32.dll
0x00007ffbee2a0000 - 0x00007ffbee321000 	C:\Users\Lam\.jdks\liberica-1.8.0_275\jre\bin\freetype.dll
0x00007ffbedd50000 - 0x00007ffbedd9b000 	C:\Users\Lam\.jdks\liberica-1.8.0_275\jre\bin\fontmanager.dll
0x00007ffc34e80000 - 0x00007ffc34f7c000 	C:\WINDOWS\SYSTEM32\textinputframework.dll
0x00007ffc5a1a0000 - 0x00007ffc5a4fa000 	C:\WINDOWS\System32\CoreUIComponents.dll
0x00007ffc5a880000 - 0x00007ffc5a972000 	C:\WINDOWS\System32\CoreMessaging.dll
0x00007ffc591c0000 - 0x00007ffc59316000 	C:\WINDOWS\SYSTEM32\wintypes.dll
0x00007ffbeb520000 - 0x00007ffbeb54d000 	C:\Users\Lam\.jdks\liberica-1.8.0_275\jre\bin\jpeg.dll
0x00007ffc5b2c0000 - 0x00007ffc5b4a4000 	C:\WINDOWS\SYSTEM32\dbghelp.dll

VM Arguments:
jvm_args: -javaagent:C:\Users\Lam\AppData\Local\JetBrains\Toolbox\apps\IDEA-U\ch-0\202.6397.94\lib\idea_rt.jar=65350:C:\Users\Lam\AppData\Local\JetBrains\Toolbox\apps\IDEA-U\ch-0\202.6397.94\bin -Dfile.encoding=UTF-8 
java_command: main
java_class_path (initial): C:\Users\Lam\.jdks\liberica-1.8.0_275\jre\lib\charsets.jar;C:\Users\Lam\.jdks\liberica-1.8.0_275\jre\lib\ext\access-bridge-64.jar;C:\Users\Lam\.jdks\liberica-1.8.0_275\jre\lib\ext\cldrdata.jar;C:\Users\Lam\.jdks\liberica-1.8.0_275\jre\lib\ext\dnsns.jar;C:\Users\Lam\.jdks\liberica-1.8.0_275\jre\lib\ext\jaccess.jar;C:\Users\Lam\.jdks\liberica-1.8.0_275\jre\lib\ext\jfxrt.jar;C:\Users\Lam\.jdks\liberica-1.8.0_275\jre\lib\ext\localedata.jar;C:\Users\Lam\.jdks\liberica-1.8.0_275\jre\lib\ext\nashorn.jar;C:\Users\Lam\.jdks\liberica-1.8.0_275\jre\lib\ext\sunec.jar;C:\Users\Lam\.jdks\liberica-1.8.0_275\jre\lib\ext\sunjce_provider.jar;C:\Users\Lam\.jdks\liberica-1.8.0_275\jre\lib\ext\sunmscapi.jar;C:\Users\Lam\.jdks\liberica-1.8.0_275\jre\lib\ext\sunpkcs11.jar;C:\Users\Lam\.jdks\liberica-1.8.0_275\jre\lib\ext\zipfs.jar;C:\Users\Lam\.jdks\liberica-1.8.0_275\jre\lib\jce.jar;C:\Users\Lam\.jdks\liberica-1.8.0_275\jre\lib\jfr.jar;C:\Users\Lam\.jdks\liberica-1.8.0_275\jre\lib\jfxswt.jar;C:\Users\Lam\.jdks\liberica-1.8.0_275\jre\lib\jsse.jar;C:\Users\Lam\.jdks\liberica-1.8.0_275\jre\lib\management-agent.jar;C:\Users\Lam\.jdks\liberica-1.8.0_275\jre\lib\resources.jar;C:\Users\Lam\.jdks\liberica-1.8.0_275\jre\lib\rt.jar;C:\Users\Lam\IdeaProjects\MERGEIMAGE\target\classes;C:\Users\Lam\.m2\repository\org\openpnp\opencv\3.2.0-1\opencv-3.2.0-1.jar;C:\Users\Lam\AppData\Local\JetBrains\Toolbox\apps\IDEA-U\ch-0\202.6397.94\lib\idea_rt.jar
Launcher Type: SUN_STANDARD

Environment Variables:
PATH=C:\Windows\system32;C:\Windows;C:\Windows\System32\Wbem;C:\Windows\System32\WindowsPowerShell\v1.0\;C:\Windows\System32\OpenSSH\;C:\Program Files (x86)\NVIDIA Corporation\PhysX\Common;C:\Program Files\Git\cmd;C:\Program Files\NVIDIA Corporation\NVIDIA NvDLISR;C:\WINDOWS\system32;C:\WINDOWS;C:\WINDOWS\System32\Wbem;C:\WINDOWS\System32\WindowsPowerShell\v1.0\;C:\WINDOWS\System32\OpenSSH\;C:\Program Files\MySQL\MySQL Shell 8.0\bin\;C:\Users\Lam\AppData\Local\Microsoft\WindowsApps;C:\Program Files (x86)\GitHub CLI\
USERNAME=Lam
OS=Windows_NT
PROCESSOR_IDENTIFIER=Intel64 Family 6 Model 158 Stepping 10, GenuineIntel



---------------  S Y S T E M  ---------------

OS: Windows 10.0 , 64 bit Build 19041 (10.0.19041.292)

CPU:total 12 (initial active 12) (6 cores per cpu, 2 threads per core) family 6 model 158 stepping 10, cmov, cx8, fxsr, mmx, sse, sse2, sse3, ssse3, sse4.1, sse4.2, popcnt, avx, avx2, aes, clmul, erms, 3dnowpref, lzcnt, ht, tsc, tscinvbit, bmi1, bmi2, adx

Memory: 4k page, physical 16694516k(3037328k free), swap 29670760k(4574816k free)

vm_info: OpenJDK 64-Bit Server VM (25.275-b01) for windows-amd64 JRE (1.8.0_275-b01), built on Nov  5 2020 03:55:52 by "hudson" with MS VC++ 15.9 (VS2017)

time: Sat Jan 16 17:10:04 2021
timezone: SE Asia Standard Time
elapsed time: 20.593663 seconds (0d 0h 0m 20s)

