#
# A fatal error has been detected by the Java Runtime Environment:
#
#  Internal Error (0xc000000d), pid=1684, tid=0x0000000000004c08
#
# JRE version: OpenJDK Runtime Environment (8.0_275-b01) (build 1.8.0_275-b01)
# Java VM: OpenJDK 64-Bit Server VM (25.275-b01 mixed mode windows-amd64 compressed oops)
# Problematic frame:
# C  [ntdll.dll+0x111b14]
#
# Failed to write core dump. Minidumps are not enabled by default on client versions of Windows
#
# If you would like to submit a bug report, please visit:
#   http://bugreport.java.com/bugreport/crash.jsp
#

---------------  T H R E A D  ---------------

Current thread (0x000001985c7ac000):  VMThread [stack: 0x0000001f15d00000,0x0000001f15e00000] [id=19464]

siginfo: ExceptionCode=0xc000000d

Registers:
RAX=0x0000000000000004, RBX=0x0000000000000000, RCX=0x0000001f15dfdd60, RDX=0x00007ffc5ab62fba
RSP=0x0000001f15dfe1c0, RBP=0x0000000000000003, RSI=0x0000000000000894, RDI=0x000001985fbf59c0
R8 =0x0000001f00000000, R9 =0x0000000015000004, R10=0x00007ffc5ab60004, R11=0x0000000000000000
R12=0x0000000000000894, R13=0x00007ffc0268a320, R14=0x0000000000000000, R15=0x0000000000000894
RIP=0x00007ffc5fe01b14, EFLAGS=0x0000000000000206

Top of Stack: (sp=0x0000001f15dfe1c0)
0x0000001f15dfe1c0:   0000000000000057 0000000000000000
0x0000001f15dfe1d0:   0000000000000894 0000000000000000
0x0000001f15dfe1e0:   00000000c000000d 0000000000000000
0x0000001f15dfe1f0:   00007ffc5fe01b14 0000000000000000
0x0000001f15dfe200:   0000000000000000 0000000000000000
0x0000001f15dfe210:   0000000000000000 0000000000000000
0x0000001f15dfe220:   0000000000000000 0000000000000000
0x0000001f15dfe230:   0000000000000000 0000000000000000
0x0000001f15dfe240:   0000000000000000 0000000000000000
0x0000001f15dfe250:   0000000000000000 0000000000000000
0x0000001f15dfe260:   0000000000000000 0000000000000000
0x0000001f15dfe270:   0000000000000000 0000000000000000
0x0000001f15dfe280:   000036b413cd092f 0000000000000002
0x0000001f15dfe290:   00007ffc0268b1c8 00007ffc5fda61c1
0x0000001f15dfe2a0:   0000000000000001 00007ffc568d874b
0x0000001f15dfe2b0:   00007ffc0268a320 0000000000000894 

Instructions: (pc=0x00007ffc5fe01b14)
0x00007ffc5fe01af4:   13 f9 ff c7 44 24 20 0d 00 00 c0 b9 57 00 00 00
0x00007ffc5fe01b04:   e8 37 8d f3 ff 90 48 8d 4c 24 20 e8 2c 95 f3 ff
0x00007ffc5fe01b14:   eb 00 48 8b 8c 24 c0 00 00 00 48 33 cc e8 0a 97
0x00007ffc5fe01b24:   f7 ff 48 81 c4 d8 00 00 00 c3 cc 40 55 48 83 ec 


Register to memory mapping:

RAX=0x0000000000000004 is an unknown value
RBX=0x0000000000000000 is an unknown value
RCX=0x0000001f15dfdd60 is an unknown value
RDX=0x00007ffc5ab62fba is an unknown value
RSP=0x0000001f15dfe1c0 is an unknown value
RBP=0x0000000000000003 is an unknown value
RSI=0x0000000000000894 is an unknown value
RDI=0x000001985fbf59c0 is an unknown value
R8 =0x0000001f00000000 is an unknown value
R9 =0x0000000015000004 is an unknown value
R10=0x00007ffc5ab60004 is an unknown value
R11=0x0000000000000000 is an unknown value
R12=0x0000000000000894 is an unknown value
R13=0x00007ffc0268a320 is an unknown value
R14=0x0000000000000000 is an unknown value
R15=0x0000000000000894 is an unknown value


Stack: [0x0000001f15d00000,0x0000001f15e00000],  sp=0x0000001f15dfe1c0,  free space=1016k
Native frames: (J=compiled Java code, j=interpreted, Vv=VM code, C=native code)
C  [ntdll.dll+0x111b14]
C  [ntdll.dll+0xb61c1]
C  [ntdll.dll+0x3f875]
C  [RTWorkQ.DLL+0x63d3]
C  [RTWorkQ.DLL+0x6285]
C  [RTWorkQ.DLL+0x613e]
C  [FrameServerClient.dll+0x3d4fc]
C  [FrameServerClient.dll+0x24f12]
C  [FrameServerClient.dll+0x3d9e5]
C  [RTWorkQ.DLL+0x11bc3]
C  [RTWorkQ.DLL+0x7419]
C  [RTWorkQ.DLL+0xbf83]
C  [RTWorkQ.DLL+0xbeba]
C  [FrameServerClient.dll+0x3d5a9]
C  [FrameServerClient.dll+0x3d260]
C  [FrameServerClient.dll+0x21c07]
C  [FrameServerClient.dll+0x1cf54]
C  [FrameServerClient.dll+0x15ee9]
C  [FrameServerClient.dll+0x10783]
C  [FrameServerClient.dll+0xbdce]
C  [FrameServerClient.dll+0x7b62]
C  [MFCORE.dll+0x2d1248]
C  [MFCORE.dll+0x2ccef6]
C  [MFCORE.dll+0x2d0899]
C  [MFReadWrite.dll+0xec05]
C  [MFReadWrite.dll+0x25bef]
C  [ATL.DLL+0x33e1]
C  [mfksproxy.dll+0x13815]
C  [mfksproxy.dll+0x149a4]
C  [ATL.DLL+0x33e1]
C  [mfksproxy.dll+0x2160]
C  [mfksproxy.dll+0x1ee4]
C  [mfksproxy.dll+0x3326b]
C  [opencv_java320.dll+0x120a8d3]
C  [opencv_java320.dll+0x120a199]
C  [opencv_java320.dll+0x158adf0]
C  [opencv_java320.dll+0x14fc7db]
C  [opencv_java320.dll+0x14fca81]
C  [opencv_java320.dll+0x14f8798]
C  [opencv_java320.dll+0x14b7d7f]
C  [opencv_java320.dll+0x14b7986]
C  [opencv_java320.dll+0x14b7a7c]
C  [ntdll.dll+0x37b3d]
C  [ntdll.dll+0x63cc1]
C  [ntdll.dll+0x63b5d]
C  [KERNEL32.DLL+0x1e04b]
C  [ucrtbase.dll+0x1ffdc]
C  [ucrtbase.dll+0x1fe7f]
V  [jvm.dll+0x1e56f5]
V  [jvm.dll+0x220ce6]
V  [jvm.dll+0x221247]
V  [jvm.dll+0x21f7f6]
V  [jvm.dll+0x21ffaf]
V  [jvm.dll+0x22030d]
V  [jvm.dll+0x26924c]
C  [ucrtbase.dll+0x21542]
C  [KERNEL32.DLL+0x16fd4]
C  [ntdll.dll+0x4cec1]

VM_Operation (0x0000001f176fcb50): Exit, mode: safepoint, requested by thread 0x0000019864fb4800


---------------  P R O C E S S  ---------------

Java Threads: ( => current thread )
  0x0000019864fb4800 JavaThread "AWT-EventQueue-0" [_thread_blocked, id=11204, stack(0x0000001f17600000,0x0000001f17700000)]
  0x000001985f94e000 JavaThread "AWT-Shutdown" [_thread_blocked, id=3464, stack(0x0000001f17300000,0x0000001f17400000)]
  0x000001985f94d800 JavaThread "Java2D Disposer" daemon [_thread_blocked, id=20748, stack(0x0000001f17200000,0x0000001f17300000)]
  0x000001985edeb800 JavaThread "Service Thread" daemon [_thread_blocked, id=14432, stack(0x0000001f16700000,0x0000001f16800000)]
  0x000001985edab000 JavaThread "C1 CompilerThread3" daemon [_thread_blocked, id=18988, stack(0x0000001f16600000,0x0000001f16700000)]
  0x000001985ed2b000 JavaThread "C2 CompilerThread2" daemon [_thread_blocked, id=9144, stack(0x0000001f16500000,0x0000001f16600000)]
  0x000001985ecdf000 JavaThread "C2 CompilerThread1" daemon [_thread_blocked, id=828, stack(0x0000001f16400000,0x0000001f16500000)]
  0x000001985ecdb000 JavaThread "C2 CompilerThread0" daemon [_thread_blocked, id=2140, stack(0x0000001f16300000,0x0000001f16400000)]
  0x000001985ecd7000 JavaThread "Monitor Ctrl-Break" daemon [_thread_in_native, id=21216, stack(0x0000001f16200000,0x0000001f16300000)]
  0x000001985c80a000 JavaThread "Attach Listener" daemon [_thread_blocked, id=20856, stack(0x0000001f16100000,0x0000001f16200000)]
  0x000001985c80f000 JavaThread "Signal Dispatcher" daemon [_thread_blocked, id=6360, stack(0x0000001f16000000,0x0000001f16100000)]
  0x000001985c7df000 JavaThread "Finalizer" daemon [_thread_blocked, id=1652, stack(0x0000001f15f00000,0x0000001f16000000)]
  0x000001985c7d8000 JavaThread "Reference Handler" daemon [_thread_blocked, id=20648, stack(0x0000001f15e00000,0x0000001f15f00000)]
  0x0000019841a98000 JavaThread "main" [_thread_blocked, id=17252, stack(0x0000001f15200000,0x0000001f15300000)]

Other Threads:
=>0x000001985c7ac000 VMThread [stack: 0x0000001f15d00000,0x0000001f15e00000] [id=19464]

VM state:at safepoint (shutting down)

VM Mutex/Monitor currently owned by a thread:  ([mutex/lock_event])
[0x0000019841a94ea0] Threads_lock - owner thread: 0x000001985c7ac000

heap address: 0x00000006c1400000, size: 4076 MB, Compressed Oops mode: Zero based, Oop shift amount: 3
Narrow klass base: 0x0000000000000000, Narrow klass shift: 3
Compressed class space size: 1073741824 Address: 0x00000007c0000000

Heap:
 PSYoungGen      total 76288K, used 50624K [0x000000076b180000, 0x0000000770680000, 0x00000007c0000000)
  eden space 65536K, 65% used [0x000000076b180000,0x000000076db61918,0x000000076f180000)
  from space 10752K, 71% used [0x000000076f180000,0x000000076f90e9d0,0x000000076fc00000)
  to   space 10752K, 0% used [0x000000076fc00000,0x000000076fc00000,0x0000000770680000)
 ParOldGen       total 175104K, used 16K [0x00000006c1400000, 0x00000006cbf00000, 0x000000076b180000)
  object space 175104K, 0% used [0x00000006c1400000,0x00000006c1404000,0x00000006cbf00000)
 Metaspace       used 11445K, capacity 11624K, committed 11776K, reserved 1058816K
  class space    used 1338K, capacity 1421K, committed 1536K, reserved 1048576K

Card table byte_map: [0x0000019852890000,0x0000019853090000] byte_map_base: 0x000001984f286000

Marking Bits: (ParMarkBitMap*) 0x00000000641aa790
 Begin Bits: [0x00000198535e0000, 0x0000019857590000)
 End Bits:   [0x0000019857590000, 0x000001985b540000)

Polling page: 0x0000019841bf0000

CodeCache: size=245760Kb used=3055Kb max_used=3055Kb free=242704Kb
 bounds [0x00000198434d0000, 0x00000198437d0000, 0x00000198524d0000]
 total_blobs=1427 nmethods=864 adapters=476
 compilation: enabled

Compilation events (10 events):
Event: 5.869 Thread 0x000001985edab000  859       3       java.util.logging.LogManager$LoggerContext::ensureDefaultLogger (70 bytes)
Event: 5.870 Thread 0x000001985edab000 nmethod 859 0x00000198437c9d10 code [0x00000198437c9ec0, 0x00000198437ca770]
Event: 5.944 Thread 0x000001985edab000  861       1       javax.imageio.spi.ImageInputStreamSpi::getInputClass (5 bytes)
Event: 5.944 Thread 0x000001985edab000 nmethod 861 0x00000198437c9a50 code [0x00000198437c9ba0, 0x00000198437c9cb8]
Event: 5.945 Thread 0x000001985edab000  862       1       javax.imageio.IIOParam::getSourceXSubsampling (5 bytes)
Event: 5.945 Thread 0x000001985edab000 nmethod 862 0x00000198437cc790 code [0x00000198437cc8e0, 0x00000198437cc9f8]
Event: 5.945 Thread 0x000001985edab000  863       1       javax.imageio.IIOParam::getSourceYSubsampling (5 bytes)
Event: 5.945 Thread 0x000001985edab000 nmethod 863 0x00000198437cca50 code [0x00000198437ccba0, 0x00000198437cccb8]
Event: 5.950 Thread 0x000001985edab000  864       1       java.awt.MediaEntry::getID (5 bytes)
Event: 5.950 Thread 0x000001985edab000 nmethod 864 0x00000198437ccd10 code [0x00000198437cce60, 0x00000198437ccf78]

GC Heap History (2 events):
Event: 4.138 GC heap before
{Heap before GC invocations=1 (full 0):
 PSYoungGen      total 76288K, used 64755K [0x000000076b180000, 0x0000000770680000, 0x00000007c0000000)
  eden space 65536K, 98% used [0x000000076b180000,0x000000076f0bcd40,0x000000076f180000)
  from space 10752K, 0% used [0x000000076fc00000,0x000000076fc00000,0x0000000770680000)
  to   space 10752K, 0% used [0x000000076f180000,0x000000076f180000,0x000000076fc00000)
 ParOldGen       total 175104K, used 0K [0x00000006c1400000, 0x00000006cbf00000, 0x000000076b180000)
  object space 175104K, 0% used [0x00000006c1400000,0x00000006c1400000,0x00000006cbf00000)
 Metaspace       used 11418K, capacity 11624K, committed 11776K, reserved 1058816K
  class space    used 1336K, capacity 1421K, committed 1536K, reserved 1048576K
Event: 4.140 GC heap after
Heap after GC invocations=1 (full 0):
 PSYoungGen      total 76288K, used 7738K [0x000000076b180000, 0x0000000770680000, 0x00000007c0000000)
  eden space 65536K, 0% used [0x000000076b180000,0x000000076b180000,0x000000076f180000)
  from space 10752K, 71% used [0x000000076f180000,0x000000076f90e9d0,0x000000076fc00000)
  to   space 10752K, 0% used [0x000000076fc00000,0x000000076fc00000,0x0000000770680000)
 ParOldGen       total 175104K, used 16K [0x00000006c1400000, 0x00000006cbf00000, 0x000000076b180000)
  object space 175104K, 0% used [0x00000006c1400000,0x00000006c1404000,0x00000006cbf00000)
 Metaspace       used 11418K, capacity 11624K, committed 11776K, reserved 1058816K
  class space    used 1336K, capacity 1421K, committed 1536K, reserved 1048576K
}

Deoptimization events (3 events):
Event: 0.457 Thread 0x0000019841a98000 Uncommon trap: reason=null_check action=make_not_entrant pc=0x00000198435e060c method=java.lang.String.equals(Ljava/lang/Object;)Z @ 8
Event: 1.692 Thread 0x0000019841a98000 Uncommon trap: reason=unstable_if action=reinterpret pc=0x00000198436e7fa8 method=java.lang.AbstractStringBuilder.append(Ljava/lang/String;)Ljava/lang/AbstractStringBuilder; @ 1
Event: 3.175 Thread 0x0000019864fb4800 Uncommon trap: reason=unstable_if action=reinterpret pc=0x00000198436694b8 method=java.lang.ThreadLocal.get()Ljava/lang/Object; @ 11

Classes redefined (0 events):
No events

Internal exceptions (10 events):
Event: 0.454 Thread 0x0000019841a98000 Exception <a 'sun/nio/fs/WindowsException'> (0x000000076b895630) thrown at [C:\ws\workspace\jdk-8u275\label\windows-x86_64\type\b8\build\hotspot\src\share\vm\prims\jni.cpp, line 711]
Event: 0.454 Thread 0x0000019841a98000 Exception <a 'sun/nio/fs/WindowsException'> (0x000000076b895d70) thrown at [C:\ws\workspace\jdk-8u275\label\windows-x86_64\type\b8\build\hotspot\src\share\vm\prims\jni.cpp, line 711]
Event: 0.457 Thread 0x0000019841a98000 Implicit null exception at 0x00000198435e0415 to 0x00000198435e05fd
Event: 1.492 Thread 0x0000019841a98000 Exception <a 'java/io/FileNotFoundException'> (0x000000076b8e4b70) thrown at [C:\ws\workspace\jdk-8u275\label\windows-x86_64\type\b8\build\hotspot\src\share\vm\prims\jni.cpp, line 711]
Event: 1.513 Thread 0x0000019841a98000 Exception <a 'java/lang/NoSuchFieldError': method resolution failed> (0x000000076bb5db70) thrown at [C:\ws\workspace\jdk-8u275\label\windows-x86_64\type\b8\build\hotspot\src\share\vm\prims\methodHandles.cpp, line 1169]
Event: 1.513 Thread 0x0000019841a98000 Exception <a 'java/lang/NoSuchFieldError': method resolution failed> (0x000000076bb6b760) thrown at [C:\ws\workspace\jdk-8u275\label\windows-x86_64\type\b8\build\hotspot\src\share\vm\prims\methodHandles.cpp, line 1169]
Event: 1.536 Thread 0x0000019841a98000 Exception <a 'java/lang/ClassNotFoundException': sun/dc/DuctusRenderingEngine> (0x000000076bcb0840) thrown at [C:\ws\workspace\jdk-8u275\label\windows-x86_64\type\b8\build\hotspot\src\share\vm\classfile\systemDictionary.cpp, line 217]
Event: 1.541 Thread 0x0000019841a98000 Exception <a 'java/io/FileNotFoundException'> (0x000000076bce9278) thrown at [C:\ws\workspace\jdk-8u275\label\windows-x86_64\type\b8\build\hotspot\src\share\vm\prims\jni.cpp, line 711]
Event: 1.692 Thread 0x0000019841a98000 Implicit null exception at 0x00000198436e7bd6 to 0x00000198436e7f91
Event: 3.175 Thread 0x0000019864fb4800 Implicit null exception at 0x00000198436693c8 to 0x00000198436694a5

Events (10 events):
Event: 5.870 Thread 0x000001985eece000 Thread added: 0x000001985eece000
Event: 5.870 Thread 0x0000019865122800 Thread exited: 0x0000019865122800
Event: 5.870 Thread 0x000001985ee0b800 Thread exited: 0x000001985ee0b800
Event: 5.870 Thread 0x000001985fa2c000 Thread exited: 0x000001985fa2c000
Event: 5.870 Thread 0x000001985ed17000 Thread exited: 0x000001985ed17000
Event: 5.871 loading class sun/java2d/pipe/hw/AccelDeviceEventNotifier
Event: 5.871 loading class sun/java2d/pipe/hw/AccelDeviceEventNotifier done
Event: 5.906 Thread 0x000001985f94f000 Thread exited: 0x000001985f94f000
Event: 5.971 Thread 0x000001985eece000 Thread exited: 0x000001985eece000
Event: 5.972 Executing VM operation: Exit


Dynamic libraries:
0x00007ff725520000 - 0x00007ff725565000 	C:\Users\Lam\.jdks\liberica-1.8.0_275\bin\java.exe
0x00007ffc5fcf0000 - 0x00007ffc5fee5000 	C:\WINDOWS\SYSTEM32\ntdll.dll
0x00007ffc511c0000 - 0x00007ffc511d2000 	C:\Program Files\Avast Software\Avast\aswhook.dll
0x00007ffc5e9a0000 - 0x00007ffc5ea5d000 	C:\WINDOWS\System32\KERNEL32.DLL
0x00007ffc5d440000 - 0x00007ffc5d707000 	C:\WINDOWS\System32\KERNELBASE.dll
0x00007ffc5e880000 - 0x00007ffc5e92a000 	C:\WINDOWS\System32\ADVAPI32.dll
0x00007ffc5e500000 - 0x00007ffc5e59e000 	C:\WINDOWS\System32\msvcrt.dll
0x00007ffc5e5a0000 - 0x00007ffc5e63b000 	C:\WINDOWS\System32\sechost.dll
0x00007ffc5fb20000 - 0x00007ffc5fc43000 	C:\WINDOWS\System32\RPCRT4.dll
0x00007ffc5e150000 - 0x00007ffc5e2f0000 	C:\WINDOWS\System32\USER32.dll
0x00007ffc5d770000 - 0x00007ffc5d792000 	C:\WINDOWS\System32\win32u.dll
0x00007ffc5dd80000 - 0x00007ffc5ddaa000 	C:\WINDOWS\System32\GDI32.dll
0x00007ffc5dc50000 - 0x00007ffc5dd5a000 	C:\WINDOWS\System32\gdi32full.dll
0x00007ffc5d9b0000 - 0x00007ffc5da4d000 	C:\WINDOWS\System32\msvcp_win.dll
0x00007ffc5db50000 - 0x00007ffc5dc50000 	C:\WINDOWS\System32\ucrtbase.dll
0x00007ffc45cc0000 - 0x00007ffc45f5a000 	C:\WINDOWS\WinSxS\amd64_microsoft.windows.common-controls_6595b64144ccf1df_6.0.19041.1_none_b555e41d4684ddec\COMCTL32.dll
0x00007ffc5e850000 - 0x00007ffc5e880000 	C:\WINDOWS\System32\IMM32.DLL
0x00007ffc359b0000 - 0x00007ffc359c5000 	C:\Users\Lam\.jdks\liberica-1.8.0_275\jre\bin\vcruntime140.dll
0x00007ffc35910000 - 0x00007ffc359ab000 	C:\Users\Lam\.jdks\liberica-1.8.0_275\jre\bin\msvcp140.dll
0x00000000639d0000 - 0x0000000064223000 	C:\Users\Lam\.jdks\liberica-1.8.0_275\jre\bin\server\jvm.dll
0x00007ffc5f610000 - 0x00007ffc5f618000 	C:\WINDOWS\System32\PSAPI.DLL
0x00007ffc4dd60000 - 0x00007ffc4dd69000 	C:\WINDOWS\SYSTEM32\WSOCK32.dll
0x00007ffc5e930000 - 0x00007ffc5e99b000 	C:\WINDOWS\System32\WS2_32.dll
0x00007ffc506f0000 - 0x00007ffc50717000 	C:\WINDOWS\SYSTEM32\WINMM.dll
0x00007ffc56320000 - 0x00007ffc5632a000 	C:\WINDOWS\SYSTEM32\VERSION.dll
0x00007ffc5bd50000 - 0x00007ffc5bd63000 	C:\WINDOWS\SYSTEM32\kernel.appcore.dll
0x00007ffc35900000 - 0x00007ffc35910000 	C:\Users\Lam\.jdks\liberica-1.8.0_275\jre\bin\verify.dll
0x00007ffbede00000 - 0x00007ffbede2b000 	C:\Users\Lam\.jdks\liberica-1.8.0_275\jre\bin\java.dll
0x00007ffc2a240000 - 0x00007ffc2a272000 	C:\Users\Lam\.jdks\liberica-1.8.0_275\jre\bin\instrument.dll
0x00007ffbedde0000 - 0x00007ffbeddf8000 	C:\Users\Lam\.jdks\liberica-1.8.0_275\jre\bin\zip.dll
0x00007ffc5ea60000 - 0x00007ffc5f1a0000 	C:\WINDOWS\System32\SHELL32.dll
0x00007ffc5b5a0000 - 0x00007ffc5bd31000 	C:\WINDOWS\SYSTEM32\windows.storage.dll
0x00007ffc5f200000 - 0x00007ffc5f553000 	C:\WINDOWS\System32\combase.dll
0x00007ffc5cec0000 - 0x00007ffc5ceec000 	C:\WINDOWS\SYSTEM32\Wldp.dll
0x00007ffc5f560000 - 0x00007ffc5f60e000 	C:\WINDOWS\System32\SHCORE.dll
0x00007ffc5fc50000 - 0x00007ffc5fca5000 	C:\WINDOWS\System32\shlwapi.dll
0x00007ffc5d380000 - 0x00007ffc5d39f000 	C:\WINDOWS\SYSTEM32\profapi.dll
0x00007ffc32690000 - 0x00007ffc326aa000 	C:\Users\Lam\AppData\Local\JetBrains\Toolbox\apps\IDEA-U\ch-0\202.6397.94\bin\breakgen64.dll
0x00007ffbeddc0000 - 0x00007ffbedddc000 	C:\Users\Lam\.jdks\liberica-1.8.0_275\jre\bin\net.dll
0x00007ffc5cc40000 - 0x00007ffc5ccaa000 	C:\WINDOWS\system32\mswsock.dll
0x00007ffc5ce10000 - 0x00007ffc5ce28000 	C:\WINDOWS\SYSTEM32\CRYPTSP.dll
0x00007ffc5c560000 - 0x00007ffc5c594000 	C:\WINDOWS\system32\rsaenh.dll
0x00007ffc5dad0000 - 0x00007ffc5daf7000 	C:\WINDOWS\System32\bcrypt.dll
0x00007ffc5d340000 - 0x00007ffc5d36e000 	C:\WINDOWS\SYSTEM32\USERENV.dll
0x00007ffc5da50000 - 0x00007ffc5dacf000 	C:\WINDOWS\System32\bcryptprimitives.dll
0x00007ffc5ce30000 - 0x00007ffc5ce3c000 	C:\WINDOWS\SYSTEM32\CRYPTBASE.dll
0x00007ffc5c8e0000 - 0x00007ffc5c91b000 	C:\WINDOWS\SYSTEM32\IPHLPAPI.DLL
0x00007ffc5dee0000 - 0x00007ffc5dee9000 	C:\WINDOWS\System32\NSI.dll
0x00007ffc55200000 - 0x00007ffc55217000 	C:\WINDOWS\SYSTEM32\dhcpcsvc6.DLL
0x00007ffc551e0000 - 0x00007ffc551fd000 	C:\WINDOWS\SYSTEM32\dhcpcsvc.DLL
0x00007ffc5c920000 - 0x00007ffc5c9ea000 	C:\WINDOWS\SYSTEM32\DNSAPI.dll
0x00007ffbedda0000 - 0x00007ffbeddb3000 	C:\Users\Lam\.jdks\liberica-1.8.0_275\jre\bin\nio.dll
0x00007ffbd4790000 - 0x00007ffbd6687000 	C:\Users\Lam\AppData\Local\Temp\opencv_openpnp8516495001969138212\nu\pattern\opencv\windows\x86_64\opencv_java320.dll
0x00007ffc5ddb0000 - 0x00007ffc5ded9000 	C:\WINDOWS\System32\ole32.dll
0x00007ffc5e720000 - 0x00007ffc5e7ed000 	C:\WINDOWS\System32\OLEAUT32.dll
0x00007ffc45570000 - 0x00007ffc4559b000 	C:\WINDOWS\SYSTEM32\MSVFW32.dll
0x00007ffc2ea10000 - 0x00007ffc2ea31000 	C:\WINDOWS\SYSTEM32\AVIFIL32.dll
0x00007ffc4e740000 - 0x00007ffc4e759000 	C:\WINDOWS\SYSTEM32\AVICAP32.dll
0x00007ffc0b2c0000 - 0x00007ffc0b2de000 	C:\WINDOWS\SYSTEM32\MSACM32.dll
0x00007ffc437f0000 - 0x00007ffc43816000 	C:\WINDOWS\SYSTEM32\winmmbase.dll
0x00007ffc5ab60000 - 0x00007ffc5abff000 	C:\WINDOWS\system32\uxtheme.dll
0x00007ffc5df80000 - 0x00007ffc5e028000 	C:\WINDOWS\System32\clbcatq.dll
0x00007ffc32650000 - 0x00007ffc3266d000 	C:\Windows\System32\devenum.dll
0x00007ffc5db00000 - 0x00007ffc5db4d000 	C:\WINDOWS\System32\CFGMGR32.dll
0x00007ffc5f6b0000 - 0x00007ffc5fb17000 	C:\WINDOWS\System32\setupapi.dll
0x00007ffc5c1b0000 - 0x00007ffc5c1e3000 	C:\WINDOWS\SYSTEM32\ntmarta.dll
0x00007ffc5d200000 - 0x00007ffc5d22c000 	C:\WINDOWS\SYSTEM32\DEVOBJ.dll
0x00007ffc5d710000 - 0x00007ffc5d770000 	C:\WINDOWS\System32\WINTRUST.dll
0x00007ffc5d7a0000 - 0x00007ffc5d8fd000 	C:\WINDOWS\System32\CRYPT32.dll
0x00007ffc5d040000 - 0x00007ffc5d052000 	C:\WINDOWS\SYSTEM32\MSASN1.dll
0x00007ffc4e500000 - 0x00007ffc4e50b000 	C:\WINDOWS\SYSTEM32\msdmo.dll
0x00007ffc20d20000 - 0x00007ffc20d56000 	C:\Windows\System32\qcap.dll
0x00007ffc026f0000 - 0x00007ffc028bf000 	C:\Windows\System32\quartz.dll
0x00007ffc5e030000 - 0x00007ffc5e145000 	C:\WINDOWS\System32\MSCTF.dll
0x00007ffc026a0000 - 0x00007ffc026ed000 	C:\Windows\System32\mfksproxy.dll
0x00007ffc556d0000 - 0x00007ffc556ed000 	C:\Windows\System32\ATL.DLL
0x00007ffc56980000 - 0x00007ffc56b3b000 	C:\Windows\System32\MFPlat.DLL
0x00007ffc568d0000 - 0x00007ffc56900000 	C:\Windows\System32\RTWorkQ.DLL
0x00007ffbed1e0000 - 0x00007ffbed66b000 	C:\Windows\System32\MFCORE.dll
0x00007ffc5ca00000 - 0x00007ffc5ca4b000 	C:\WINDOWS\SYSTEM32\powrprof.dll
0x00007ffc57570000 - 0x00007ffc57579000 	C:\Windows\System32\ksuser.dll
0x00007ffc5c8c0000 - 0x00007ffc5c8d2000 	C:\WINDOWS\SYSTEM32\UMPDC.dll
0x00007ffc02630000 - 0x00007ffc0269b000 	C:\Windows\System32\FrameServerClient.dll
0x00007ffc025c0000 - 0x00007ffc02627000 	C:\Windows\System32\MFSENSORGROUP.dll
0x00007ffc574d0000 - 0x00007ffc574da000 	C:\Windows\System32\AVRT.dll
0x00007ffc45b20000 - 0x00007ffc45b2d000 	C:\Windows\System32\vidcap.ax
0x00007ffc23b20000 - 0x00007ffc23b47000 	C:\Windows\System32\kswdmcap.ax
0x00007ffc008c0000 - 0x00007ffc00a2c000 	C:\Windows\System32\MFC42.dll
0x00007ffc4e9f0000 - 0x00007ffc4eafa000 	C:\Windows\System32\MFReadWrite.dll
0x00007ffbffb30000 - 0x00007ffbffbd8000 	C:\Windows\System32\qedit.dll
0x00007ffc5e640000 - 0x00007ffc5e71a000 	C:\WINDOWS\System32\COMDLG32.dll
0x00007ffc45f60000 - 0x00007ffc46105000 	C:\WINDOWS\WinSxS\amd64_microsoft.windows.gdiplus_6595b64144ccf1df_1.1.19041.450_none_fae7a009761b0b44\gdiplus.dll
0x00007ffc2f7c0000 - 0x00007ffc2f8bb000 	C:\Windows\System32\DDRAW.dll
0x00007ffc5bdc0000 - 0x00007ffc5beb3000 	C:\Windows\System32\dxgi.dll
0x00007ffc55680000 - 0x00007ffc55688000 	C:\Windows\System32\DCIMAN32.dll
0x00007ffc55160000 - 0x00007ffc55191000 	C:\WINDOWS\SYSTEM32\cryptnet.dll
0x00007ffc5dd60000 - 0x00007ffc5dd7d000 	C:\WINDOWS\System32\imagehlp.dll
0x00007ffc1a380000 - 0x00007ffc1a62e000 	C:\WINDOWS\system32\nvspcap64.dll
0x00007ffc5bd70000 - 0x00007ffc5bd93000 	C:\WINDOWS\SYSTEM32\gpapi.dll
0x00007ffc51990000 - 0x00007ffc519cb000 	C:\WINDOWS\SYSTEM32\dxcore.dll
0x00007ffbfecb0000 - 0x00007ffbfee44000 	C:\Users\Lam\.jdks\liberica-1.8.0_275\jre\bin\awt.dll
0x00007ffc5aab0000 - 0x00007ffc5ab40000 	C:\WINDOWS\SYSTEM32\apphelp.dll
0x00007ffc5ad30000 - 0x00007ffc5ad5f000 	C:\WINDOWS\system32\DWMAPI.DLL
0x00007ffbff910000 - 0x00007ffbffa6c000 	C:\WINDOWS\system32\opengl32.dll
0x00007ffc4a9b0000 - 0x00007ffc4a9dc000 	C:\WINDOWS\SYSTEM32\GLU32.dll
0x00007ffc02430000 - 0x00007ffc024b1000 	C:\Users\Lam\.jdks\liberica-1.8.0_275\jre\bin\freetype.dll
0x00007ffc00870000 - 0x00007ffc008bb000 	C:\Users\Lam\.jdks\liberica-1.8.0_275\jre\bin\fontmanager.dll
0x00007ffc34e80000 - 0x00007ffc34f7c000 	C:\WINDOWS\SYSTEM32\textinputframework.dll
0x00007ffc5a1a0000 - 0x00007ffc5a4fa000 	C:\WINDOWS\System32\CoreUIComponents.dll
0x00007ffc5a880000 - 0x00007ffc5a972000 	C:\WINDOWS\System32\CoreMessaging.dll
0x00007ffc591c0000 - 0x00007ffc59316000 	C:\WINDOWS\SYSTEM32\wintypes.dll
0x00007ffc238d0000 - 0x00007ffc238fd000 	C:\Users\Lam\.jdks\liberica-1.8.0_275\jre\bin\jpeg.dll
0x00007ffc5b2c0000 - 0x00007ffc5b4a4000 	C:\WINDOWS\SYSTEM32\dbghelp.dll

VM Arguments:
jvm_args: -javaagent:C:\Users\Lam\AppData\Local\JetBrains\Toolbox\apps\IDEA-U\ch-0\202.6397.94\lib\idea_rt.jar=64425:C:\Users\Lam\AppData\Local\JetBrains\Toolbox\apps\IDEA-U\ch-0\202.6397.94\bin -Dfile.encoding=UTF-8 
java_command: test
java_class_path (initial): C:\Users\Lam\.jdks\liberica-1.8.0_275\jre\lib\charsets.jar;C:\Users\Lam\.jdks\liberica-1.8.0_275\jre\lib\ext\access-bridge-64.jar;C:\Users\Lam\.jdks\liberica-1.8.0_275\jre\lib\ext\cldrdata.jar;C:\Users\Lam\.jdks\liberica-1.8.0_275\jre\lib\ext\dnsns.jar;C:\Users\Lam\.jdks\liberica-1.8.0_275\jre\lib\ext\jaccess.jar;C:\Users\Lam\.jdks\liberica-1.8.0_275\jre\lib\ext\jfxrt.jar;C:\Users\Lam\.jdks\liberica-1.8.0_275\jre\lib\ext\localedata.jar;C:\Users\Lam\.jdks\liberica-1.8.0_275\jre\lib\ext\nashorn.jar;C:\Users\Lam\.jdks\liberica-1.8.0_275\jre\lib\ext\sunec.jar;C:\Users\Lam\.jdks\liberica-1.8.0_275\jre\lib\ext\sunjce_provider.jar;C:\Users\Lam\.jdks\liberica-1.8.0_275\jre\lib\ext\sunmscapi.jar;C:\Users\Lam\.jdks\liberica-1.8.0_275\jre\lib\ext\sunpkcs11.jar;C:\Users\Lam\.jdks\liberica-1.8.0_275\jre\lib\ext\zipfs.jar;C:\Users\Lam\.jdks\liberica-1.8.0_275\jre\lib\jce.jar;C:\Users\Lam\.jdks\liberica-1.8.0_275\jre\lib\jfr.jar;C:\Users\Lam\.jdks\liberica-1.8.0_275\jre\lib\jfxswt.jar;C:\Users\Lam\.jdks\liberica-1.8.0_275\jre\lib\jsse.jar;C:\Users\Lam\.jdks\liberica-1.8.0_275\jre\lib\management-agent.jar;C:\Users\Lam\.jdks\liberica-1.8.0_275\jre\lib\resources.jar;C:\Users\Lam\.jdks\liberica-1.8.0_275\jre\lib\rt.jar;C:\Users\Lam\IdeaProjects\MERGEIMAGE\target\classes;C:\Users\Lam\.m2\repository\net\imagej\ij\1.52o\ij-1.52o.jar;C:\Users\Lam\.jdks\liberica-1.8.0_275\lib\tools.jar;C:\Users\Lam\.m2\repository\org\openpnp\opencv\3.2.0-1\opencv-3.2.0-1.jar;C:\Users\Lam\AppData\Local\JetBrains\Toolbox\apps\IDEA-U\ch-0\202.6397.94\lib\idea_rt.jar
Launcher Type: SUN_STANDARD

Environment Variables:
PATH=C:\Windows\system32;C:\Windows;C:\Windows\System32\Wbem;C:\Windows\System32\WindowsPowerShell\v1.0\;C:\Windows\System32\OpenSSH\;C:\Program Files (x86)\NVIDIA Corporation\PhysX\Common;C:\Program Files\Git\cmd;C:\Program Files\NVIDIA Corporation\NVIDIA NvDLISR;C:\WINDOWS\system32;C:\WINDOWS;C:\WINDOWS\System32\Wbem;C:\WINDOWS\System32\WindowsPowerShell\v1.0\;C:\WINDOWS\System32\OpenSSH\;C:\Program Files\MySQL\MySQL Shell 8.0\bin\;C:\Users\Lam\AppData\Local\Microsoft\WindowsApps;C:\Program Files (x86)\GitHub CLI\
USERNAME=Lam
OS=Windows_NT
PROCESSOR_IDENTIFIER=Intel64 Family 6 Model 158 Stepping 10, GenuineIntel



---------------  S Y S T E M  ---------------

OS: Windows 10.0 , 64 bit Build 19041 (10.0.19041.292)

CPU:total 12 (initial active 12) (6 cores per cpu, 2 threads per core) family 6 model 158 stepping 10, cmov, cx8, fxsr, mmx, sse, sse2, sse3, ssse3, sse4.1, sse4.2, popcnt, avx, avx2, aes, clmul, erms, 3dnowpref, lzcnt, ht, tsc, tscinvbit, bmi1, bmi2, adx

Memory: 4k page, physical 16694516k(4525504k free), swap 23816804k(3789836k free)

vm_info: OpenJDK 64-Bit Server VM (25.275-b01) for windows-amd64 JRE (1.8.0_275-b01), built on Nov  5 2020 03:55:52 by "hudson" with MS VC++ 15.9 (VS2017)

time: Sun Jan 17 16:48:55 2021
timezone: SE Asia Standard Time
elapsed time: 8.872779 seconds (0d 0h 0m 8s)

